1 578
2 686
3 325
4 983
5 1013
6 859
7 463
8 750
9 888
10 140
11 654
12 812
13 994
14 892
15 505
16 199
17 893
18 1005
19 412
20 1
21 518
22 709
23 365
24 432
25 817
26 603
27 743
28 142
29 239
30 481
31 398
32 536
33 663
34 960
35 162
36 335
37 151
38 158
39 324
40 500
41 785
42 897
43 540
44 417
45 1021
46 602
47 886
48 476
49 796
50 329
51 711
52 424
53 545
54 773
55 370
56 309
57 559
58 592
59 226
60 839
61 310
62 872
63 165
64 258
65 585
66 713
67 227
68 125
69 42
70 88
71 376
72 712
73 521
74 860
75 184
76 1020
77 277
78 429
79 220
80 573
81 341
82 89
83 868
84 687
85 777
86 479
87 969
88 486
89 306
90 936
91 815
92 49
93 79
94 680
95 450
96 266
97 317
98 232
99 260
100 485
101 219
102 188
103 384
104 416
105 203
106 244
107 95
108 433
109 491
110 164
111 853
112 770
113 507
114 419
115 132
116 350
117 45
118 231
119 287
120 827
121 316
122 635
123 442
124 985
125 83
126 80
127 22
128 196
129 949
130 560
131 312
132 555
133 304
134 448
135 72
136 764
137 58
138 10
139 290
140 238
141 222
142 690
143 497
144 864
145 782
146 867
147 633
148 322
149 940
150 332
151 833
152 846
153 678
154 528
155 377
156 734
157 601
158 648
159 707
160 453
161 740
162 57
163 641
164 137
165 400
166 150
167 954
168 494
169 1017
170 835
171 786
172 440
173 671
174 623
175 217
176 484
177 73
178 691
179 658
180 422
181 492
182 1019
183 857
184 487
185 931
186 259
187 206
188 855
189 146
190 630
191 311
192 582
193 530
194 533
195 106
196 937
197 186
198 870
199 29
200 344
201 908
202 194
203 733
204 917
205 235
206 247
207 187
208 952
209 822
210 141
211 200
212 549
213 35
214 18
215 346
216 119
217 167
218 970
219 606
220 557
221 53
222 701
223 177
224 784
225 285
226 804
227 589
228 718
229 131
230 356
231 64
232 360
233 818
234 981
235 3
236 598
237 552
238 15
239 670
240 81
241 774
242 410
243 901
244 961
245 922
246 288
247 116
248 6
249 534
250 852
251 621
252 104
253 794
254 913
255 665
256 755
257 884
258 44
259 393
260 245
261 831
262 692
263 744
264 879
265 574
266 66
267 561
268 716
269 926
270 661
271 459
272 991
273 31
274 233
275 749
276 844
277 935
278 50
279 379
280 636
281 330
282 1011
283 923
284 406
285 94
286 998
287 836
288 1015
289 968
290 75
291 684
292 236
293 460
294 854
295 605
296 799
297 477
298 807
299 149
300 986
301 413
302 741
303 299
304 77
305 951
306 841
307 466
308 944
309 811
310 470
311 838
312 924
313 887
314 178
315 160
316 289
317 624
318 928
319 819
320 225
321 276
322 342
323 915
324 699
325 565
326 613
327 509
328 990
329 349
330 634
331 127
332 390
333 163
334 840
335 375
336 732
337 874
338 856
339 798
340 124
341 647
342 405
343 202
344 787
345 738
346 875
347 614
348 394
349 372
350 850
351 721
352 295
353 863
354 192
355 436
356 916
357 169
358 326
359 932
360 343
361 87
362 813
363 685
364 809
365 848
366 984
367 930
368 195
369 445
370 493
371 211
372 286
373 118
374 111
375 371
376 584
377 32
378 705
379 185
380 571
381 354
382 677
383 425
384 213
385 642
386 609
387 881
388 600
389 996
390 368
391 157
392 657
393 511
394 113
395 101
396 955
397 498
398 760
399 201
400 563
401 890
402 103
403 56
404 593
405 902
406 71
407 697
408 988
409 126
410 765
411 896
412 61
413 92
414 366
415 55
416 284
417 607
418 632
419 1001
420 21
421 703
422 599
423 789
424 643
425 895
426 409
427 929
428 5
429 763
430 347
431 1016
432 612
433 904
434 645
435 102
436 323
437 768
438 541
439 483
440 723
441 241
442 679
443 537
444 547
445 556
446 676
447 136
448 39
449 207
450 147
451 757
452 513
453 751
454 130
455 139
456 590
457 800
458 152
459 538
460 587
461 898
462 950
463 86
464 478
465 921
466 254
467 13
468 715
469 943
470 845
471 352
472 993
473 439
474 947
475 999
476 758
477 74
478 331
479 78
480 546
481 958
482 190
483 263
484 527
485 668
486 646
487 338
488 808
489 108
490 402
491 914
492 223
493 250
494 525
495 683
496 939
497 458
498 76
499 315
500 455
501 802
502 43
503 253
504 832
505 596
506 591
507 667
508 174
509 381
510 224
511 257
512 47
513 215
514 205
515 133
516 681
517 1008
518 905
519 268
520 724
521 761
522 619
523 357
524 63
525 114
526 216
527 112
528 314
529 313
530 553
531 753
532 367
533 611
534 475
535 655
536 695
537 788
538 851
539 234
540 383
541 610
542 179
543 82
544 378
545 437
546 688
547 353
548 447
549 54
550 90
551 25
552 615
553 255
554 651
555 780
556 495
557 975
558 742
559 544
560 415
561 973
562 144
563 806
564 912
565 128
566 792
567 938
568 98
569 1022
570 37
571 579
572 971
573 704
574 153
575 427
576 748
577 504
578 682
579 899
580 745
581 96
582 204
583 414
584 828
585 522
586 296
587 1024
588 649
589 305
590 501
591 93
592 576
593 1009
594 221
595 726
596 265
597 85
598 825
599 243
600 272
601 68
602 1006
603 821
604 138
605 766
606 581
607 252
608 469
609 616
610 293
611 719
612 752
613 548
614 488
615 355
616 878
617 674
618 595
619 40
620 209
621 59
622 256
623 12
624 1007
625 17
626 210
627 871
628 307
629 320
630 972
631 666
632 264
633 575
634 214
635 110
636 820
637 957
638 446
639 502
640 336
641 729
642 532
643 249
644 865
645 11
646 629
647 885
648 805
649 622
650 976
651 237
652 700
653 380
654 737
655 319
656 767
657 242
658 65
659 980
660 449
661 84
662 298
663 173
664 171
665 620
666 523
667 156
668 361
669 1003
670 48
671 903
672 778
673 989
674 121
675 60
676 909
677 759
678 554
679 948
680 783
681 979
682 508
683 702
684 569
685 480
686 889
687 781
688 956
689 837
690 597
691 628
692 843
693 965
694 435
695 159
696 1002
697 551
698 725
699 464
700 638
701 987
702 339
703 395
704 191
705 423
706 543
707 474
708 542
709 170
710 274
711 145
712 900
713 318
714 1014
715 866
716 1018
717 797
718 842
719 454
720 503
721 183
722 920
723 24
724 567
725 468
726 208
727 978
728 166
729 451
730 294
731 531
732 280
733 526
734 1000
735 608
736 62
737 617
738 496
739 535
740 9
741 16
742 516
743 942
744 907
745 862
746 727
747 465
748 583
749 404
750 694
751 20
752 586
753 120
754 919
755 430
756 816
757 30
758 109
759 568
760 693
761 172
762 181
763 262
764 473
765 334
766 444
767 974
768 8
769 520
770 754
771 934
772 656
773 134
774 810
775 512
776 963
777 577
778 652
779 720
780 399
781 434
782 710
783 168
784 452
785 594
786 218
787 426
788 462
789 46
790 604
791 662
792 67
793 387
794 550
795 706
796 438
797 933
798 26
799 519
800 769
801 927
802 731
803 776
804 945
805 189
806 847
807 408
808 669
809 689
810 27
811 717
812 698
813 829
814 515
815 858
816 69
817 793
818 328
819 1010
820 918
821 883
822 391
823 467
824 992
825 123
826 382
827 100
828 228
829 229
830 345
831 129
832 420
833 564
834 14
835 251
836 946
837 115
838 861
839 906
840 517
841 982
842 279
843 775
844 762
845 631
846 340
847 964
848 1023
849 524
850 97
851 826
852 882
853 791
854 966
855 962
856 248
857 198
858 529
859 626
860 388
861 728
862 135
863 180
864 107
865 52
866 771
867 730
868 735
869 995
870 659
871 489
872 23
873 873
874 271
875 747
876 403
877 558
878 880
879 267
880 997
881 421
882 396
883 373
884 143
885 148
886 562
887 36
888 176
889 291
890 4
891 746
892 925
893 756
894 117
895 99
896 246
897 38
898 696
899 297
900 283
901 182
902 514
903 653
904 795
905 830
906 891
907 570
908 736
909 197
910 292
911 869
912 660
913 122
914 814
915 2
916 849
917 779
918 363
919 801
920 193
921 34
922 722
923 41
924 161
925 303
926 876
927 959
928 803
929 428
930 397
931 834
932 333
933 273
934 392
935 1012
936 572
937 91
938 362
939 471
940 490
941 300
942 19
943 664
944 506
945 105
946 28
947 337
948 967
949 539
950 321
951 790
952 650
953 714
954 441
955 824
956 566
957 301
958 675
959 457
960 510
961 823
962 910
963 154
964 708
965 411
966 308
967 327
968 389
969 358
970 588
971 33
972 369
973 281
974 482
975 772
976 673
977 278
978 401
979 627
980 175
981 348
982 456
983 70
984 269
985 953
986 1004
987 351
988 407
989 977
990 51
991 877
992 461
993 644
994 739
995 499
996 230
997 386
998 359
999 7
1000 385
1001 911
1002 580
1003 364
1004 302
1005 261
1006 637
1007 212
1008 431
1009 443
1010 894
1011 672
1012 625
1013 155
1014 275
1015 240
1016 270
1017 374
1018 941
1019 639
1020 640
1021 282
1022 418
1023 618
1024 472