1 88
2 126
3 104
4 72
5 43
6 120
7 125
8 79
9 109
10 106
11 49
12 45
13 12
14 36
15 90
16 102
17 28
18 1
19 84
20 53
21 61
22 94
23 123
24 107
25 2
26 39
27 74
28 47
29 71
30 111
31 23
32 62
33 59
34 65
35 41
36 66
37 13
38 31
39 128
40 22
41 32
42 89
43 80
44 63
45 86
46 15
47 121
48 77
49 34
50 97
51 10
52 3
53 18
54 16
55 6
56 82
57 58
58 9
59 103
60 110
61 26
62 38
63 117
64 114
65 96
66 76
67 25
68 14
69 50
70 99
71 83
72 42
73 8
74 108
75 35
76 115
77 75
78 27
79 4
80 91
81 7
82 60
83 24
84 44
85 57
86 124
87 118
88 30
89 69
90 98
91 56
92 116
93 85
94 70
95 33
96 68
97 21
98 52
99 100
100 78
101 122
102 112
103 55
104 17
105 95
106 29
107 5
108 46
109 81
110 127
111 19
112 54
113 87
114 20
115 11
116 48
117 92
118 105
119 40
120 67
121 37
122 101
123 51
124 113
125 64
126 73
127 119
128 93