1 592
2 210
3 97
4 1172
5 572
6 621
7 410
8 356
9 1140
10 642
11 121
12 352
13 876
14 64
15 472
16 870
17 73
18 1037
19 1243
20 1052
21 537
22 366
23 944
24 382
25 374
26 602
27 961
28 526
29 320
30 180
31 581
32 407
33 1211
34 634
35 169
36 892
37 1180
38 676
39 1085
40 911
41 975
42 787
43 91
44 584
45 333
46 878
47 1078
48 1012
49 770
50 201
51 168
52 422
53 658
54 421
55 364
56 967
57 958
58 649
59 361
60 475
61 1173
62 1137
63 825
64 1017
65 812
66 236
67 1263
68 87
69 1007
70 1157
71 1044
72 561
73 652
74 1149
75 462
76 1174
77 103
78 99
79 60
80 24
81 1242
82 300
83 79
84 574
85 901
86 1164
87 957
88 815
89 1047
90 7
91 943
92 1146
93 1134
94 513
95 195
96 987
97 830
98 990
99 973
100 814
101 229
102 706
103 52
104 130
105 1057
106 69
107 569
108 1212
109 663
110 122
111 912
112 41
113 94
114 1150
115 427
116 173
117 546
118 679
119 110
120 694
121 500
122 319
123 227
124 1019
125 447
126 1238
127 1254
128 178
129 895
130 971
131 46
132 566
133 27
134 198
135 326
136 885
137 164
138 547
139 1050
140 704
141 392
142 277
143 1244
144 571
145 1168
146 637
147 736
148 811
149 449
150 306
151 857
152 92
153 181
154 1096
155 872
156 978
157 790
158 408
159 70
160 626
161 1
162 714
163 63
164 344
165 262
166 609
167 955
168 329
169 1079
170 1135
171 662
172 924
173 846
174 8
175 909
176 75
177 780
178 722
179 150
180 22
181 218
182 710
183 888
184 1070
185 608
186 749
187 560
188 1062
189 949
190 690
191 266
192 273
193 929
194 1020
195 953
196 530
197 591
198 697
199 554
200 282
201 533
202 57
203 332
204 495
205 1225
206 673
207 778
208 956
209 1110
210 197
211 816
212 849
213 772
214 183
215 204
216 1275
217 170
218 428
219 1278
220 305
221 575
222 1192
223 818
224 1103
225 1230
226 139
227 493
228 721
229 330
230 979
231 1041
232 755
233 498
234 671
235 423
236 261
237 405
238 799
239 467
240 1232
241 904
242 823
243 336
244 390
245 1054
246 813
247 114
248 590
249 1082
250 756
251 1206
252 1073
253 856
254 1176
255 838
256 774
257 518
258 464
259 1161
260 751
261 669
262 1080
263 1169
264 807
265 486
266 776
267 294
268 732
269 1089
270 1077
271 433
272 691
273 1207
274 458
275 760
276 889
277 1156
278 1223
279 86
280 83
281 928
282 1247
283 176
284 887
285 291
286 976
287 879
288 484
289 707
290 416
291 682
292 233
293 62
294 529
295 937
296 994
297 613
298 238
299 845
300 809
301 411
302 1210
303 14
304 363
305 947
306 1125
307 119
308 1069
309 1100
310 1123
311 317
312 1045
313 1193
314 202
315 68
316 1127
317 1109
318 948
319 668
320 1033
321 858
322 1056
323 596
324 936
325 709
326 1002
327 452
328 286
329 993
330 1175
331 925
332 692
333 628
334 1147
335 288
336 1101
337 470
338 641
339 796
340 307
341 1186
342 931
343 260
344 910
345 711
346 1194
347 940
348 848
349 1087
350 599
351 424
352 116
353 107
354 1107
355 199
356 1273
357 1061
358 926
359 1053
360 617
361 735
362 511
363 764
364 1025
365 220
366 1217
367 1209
368 445
369 54
370 346
371 614
372 20
373 516
374 1091
375 1191
376 916
377 348
378 242
379 265
380 801
381 450
382 1106
383 207
384 190
385 639
386 698
387 101
388 719
389 477
390 191
391 984
392 409
393 25
394 693
395 468
396 1051
397 159
398 603
399 490
400 36
401 700
402 1092
403 270
404 586
405 1155
406 214
407 865
408 913
409 1011
410 323
411 869
412 140
413 1098
414 179
415 276
416 995
417 71
418 205
419 400
420 1268
421 226
422 308
423 837
424 208
425 646
426 1279
427 739
428 945
429 918
430 595
431 385
432 347
433 648
434 403
435 1042
436 136
437 1115
438 859
439 582
440 351
441 375
442 861
443 622
444 882
445 579
446 128
447 873
448 1093
449 589
450 822
451 785
452 1001
453 338
454 1112
455 231
456 245
457 118
458 665
459 324
460 580
461 387
462 1208
463 750
464 854
465 1259
466 165
467 1133
468 434
469 494
470 147
471 834
472 444
473 192
474 443
475 1171
476 249
477 981
478 729
479 638
480 559
481 986
482 1035
483 864
484 556
485 1022
486 618
487 129
488 616
489 705
490 1009
491 1162
492 402
493 794
494 661
495 28
496 1205
497 946
498 677
499 100
500 633
501 730
502 588
503 510
504 1018
505 1014
506 503
507 1122
508 1008
509 44
510 716
511 397
512 327
513 1138
514 161
515 792
516 1153
517 253
518 840
519 459
520 919
521 1204
522 1028
523 446
524 72
525 373
526 930
527 149
528 1049
529 781
530 212
531 310
532 104
533 278
534 542
535 647
536 1038
537 863
538 762
539 855
540 232
541 985
542 358
543 1195
544 105
545 255
546 1065
547 1097
548 396
549 521
550 782
551 802
552 769
553 598
554 731
555 1271
556 1143
557 420
558 435
559 645
560 718
561 627
562 717
563 897
564 340
565 982
566 334
567 460
568 1177
569 1129
570 281
571 1121
572 777
573 600
574 1257
575 131
576 497
577 471
578 934
579 372
580 713
581 740
582 951
583 419
584 461
585 438
586 425
587 502
588 274
589 1215
590 120
591 65
592 1095
593 1236
594 890
595 839
596 113
597 666
598 187
599 478
600 1105
601 23
602 275
603 1266
604 1197
605 1200
606 384
607 747
608 148
609 111
610 1006
611 712
612 378
613 259
614 509
615 314
616 868
617 514
618 337
619 58
620 632
621 482
622 1016
623 354
624 1152
625 171
626 271
627 941
628 248
629 527
630 771
631 775
632 606
633 145
634 620
635 1229
636 1179
637 768
638 921
639 160
640 439
641 1261
642 13
643 26
644 163
645 1246
646 31
647 126
648 465
649 962
650 12
651 37
652 256
653 1196
654 610
655 1256
656 789
657 290
658 166
659 158
660 938
661 216
662 850
663 1222
664 479
665 489
666 1118
667 900
668 404
669 538
670 234
671 1216
672 1251
673 960
674 1199
675 331
676 376
677 1189
678 965
679 1055
680 133
681 883
682 1167
683 741
684 254
685 708
686 151
687 1000
688 688
689 1260
690 678
691 829
692 763
693 496
694 223
695 1166
696 426
697 1249
698 32
699 162
700 441
701 1148
702 215
703 369
704 219
705 1277
706 391
707 545
708 902
709 18
710 353
711 851
712 267
713 1064
714 257
715 954
716 654
717 950
718 899
719 753
720 534
721 651
722 1075
723 980
724 1154
725 211
726 725
727 1187
728 898
729 715
730 370
731 21
732 38
733 1241
734 293
735 322
736 1090
737 623
738 454
739 1048
740 1237
741 1124
742 19
743 681
744 745
745 520
746 399
747 412
748 1264
749 415
750 106
751 906
752 313
753 1072
754 413
755 583
756 418
757 563
758 1269
759 1102
760 1227
761 295
762 1132
763 1252
764 1076
765 689
766 414
767 155
768 826
769 318
770 9
771 523
772 522
773 1066
774 644
775 528
776 359
777 362
778 448
779 90
780 552
781 643
782 1253
783 1160
784 316
785 172
786 1182
787 1088
788 285
789 379
790 752
791 123
792 142
793 153
794 1226
795 224
796 109
797 551
798 1262
799 1032
800 862
801 40
802 228
803 593
804 630
805 1094
806 1040
807 1221
808 88
809 292
810 615
811 350
812 152
813 860
814 1240
815 726
816 828
817 343
818 263
819 1276
820 695
821 1178
822 1024
823 536
824 1084
825 974
826 77
827 39
828 1119
829 1031
830 601
831 505
832 89
833 624
834 1145
835 252
836 437
837 738
838 1274
839 244
840 134
841 1184
842 1142
843 1074
844 1181
845 896
846 798
847 247
848 932
849 357
850 871
851 548
852 1058
853 508
854 1220
855 15
856 806
857 457
858 1158
859 115
860 80
861 371
862 773
863 659
864 225
865 1021
866 127
867 48
868 1128
869 720
870 174
871 1141
872 1219
873 914
874 154
875 1060
876 687
877 143
878 309
879 1114
880 742
881 367
882 759
883 877
884 93
885 504
886 748
887 466
888 200
889 487
890 1214
891 1063
892 213
893 481
894 656
895 95
896 894
897 35
898 727
899 299
900 535
901 339
902 578
903 969
904 175
905 33
906 67
907 98
908 6
909 604
910 298
911 61
912 783
913 570
914 619
915 629
916 85
917 1228
918 483
919 1258
920 684
921 1015
922 1267
923 754
924 524
925 137
926 519
927 11
928 78
929 47
930 852
931 625
932 303
933 264
934 884
935 977
936 1213
937 301
938 1183
939 312
940 4
941 841
942 1071
943 517
944 959
945 972
946 1218
947 766
948 193
949 573
950 1111
951 942
952 108
953 999
954 335
955 667
956 804
957 784
958 1120
959 680
960 968
961 827
962 996
963 185
964 237
965 1059
966 84
967 1010
968 1113
969 1280
970 43
971 685
972 1151
973 805
974 1004
975 532
976 66
977 1086
978 1099
979 891
980 302
981 847
982 55
983 506
984 1201
985 907
986 540
987 488
988 246
989 469
990 724
991 966
992 188
993 1131
994 453
995 132
996 549
997 345
998 933
999 440
1000 417
1001 746
1002 853
1003 843
1004 368
1005 321
1006 923
1007 917
1008 1233
1009 241
1010 515
1011 1039
1012 594
1013 1234
1014 284
1015 541
1016 59
1017 963
1018 1130
1019 636
1020 674
1021 791
1022 451
1023 544
1024 1005
1025 1248
1026 886
1027 803
1028 761
1029 1126
1030 903
1031 657
1032 788
1033 817
1034 1163
1035 492
1036 660
1037 209
1038 431
1039 819
1040 1029
1041 135
1042 406
1043 757
1044 53
1045 512
1046 125
1047 672
1048 908
1049 398
1050 221
1051 1023
1052 795
1053 230
1054 29
1055 743
1056 800
1057 970
1058 297
1059 734
1060 429
1061 184
1062 585
1063 640
1064 269
1065 1190
1066 1067
1067 296
1068 835
1069 476
1070 203
1071 1159
1072 383
1073 939
1074 1235
1075 342
1076 733
1077 1239
1078 842
1079 45
1080 501
1081 836
1082 793
1083 683
1084 251
1085 531
1086 491
1087 562
1088 1224
1089 436
1090 1104
1091 1043
1092 442
1093 239
1094 565
1095 635
1096 235
1097 568
1098 875
1099 1068
1100 808
1101 893
1102 701
1103 380
1104 186
1105 567
1106 304
1107 311
1108 30
1109 1165
1110 702
1111 34
1112 430
1113 328
1114 341
1115 675
1116 393
1117 394
1118 920
1119 51
1120 1272
1121 991
1122 50
1123 1117
1124 631
1125 117
1126 874
1127 280
1128 325
1129 455
1130 102
1131 1231
1132 360
1133 723
1134 2
1135 655
1136 952
1137 5
1138 1108
1139 42
1140 728
1141 1046
1142 1036
1143 138
1144 499
1145 543
1146 1030
1147 605
1148 287
1149 880
1150 3
1151 820
1152 1026
1153 1139
1154 289
1155 833
1156 866
1157 463
1158 922
1159 76
1160 196
1161 653
1162 664
1163 74
1164 177
1165 485
1166 1081
1167 831
1168 758
1169 156
1170 1170
1171 1144
1172 539
1173 1034
1174 272
1175 16
1176 146
1177 240
1178 744
1179 1202
1180 10
1181 765
1182 1185
1183 268
1184 553
1185 217
1186 82
1187 1198
1188 365
1189 1270
1190 786
1191 1250
1192 194
1193 597
1194 576
1195 1265
1196 821
1197 283
1198 935
1199 1116
1200 607
1201 832
1202 474
1203 1255
1204 612
1205 927
1206 17
1207 867
1208 587
1209 381
1210 992
1211 144
1212 650
1213 112
1214 699
1215 1027
1216 279
1217 401
1218 915
1219 389
1220 577
1221 250
1222 507
1223 124
1224 997
1225 881
1226 456
1227 355
1228 96
1229 810
1230 167
1231 998
1232 555
1233 703
1234 377
1235 49
1236 779
1237 737
1238 141
1239 222
1240 1203
1241 824
1242 696
1243 315
1244 388
1245 386
1246 206
1247 797
1248 550
1249 349
1250 905
1251 473
1252 767
1253 988
1254 670
1255 686
1256 844
1257 395
1258 557
1259 989
1260 243
1261 1136
1262 182
1263 432
1264 564
1265 983
1266 1013
1267 56
1268 258
1269 1003
1270 525
1271 964
1272 81
1273 611
1274 1188
1275 189
1276 157
1277 558
1278 1245
1279 1083
1280 480