1 894
2 1101
3 27
4 921
5 782
6 204
7 474
8 818
9 455
10 1103
11 1368
12 569
13 248
14 732
15 583
16 1351
17 100
18 757
19 182
20 433
21 612
22 72
23 1503
24 1164
25 388
26 1374
27 1155
28 847
29 803
30 1425
31 345
32 240
33 964
34 924
35 258
36 1018
37 987
38 719
39 815
40 769
41 682
42 1129
43 1142
44 453
45 236
46 551
47 157
48 900
49 534
50 896
51 1112
52 187
53 286
54 23
55 945
56 1252
57 64
58 1385
59 380
60 262
61 397
62 678
63 655
64 1480
65 881
66 1194
67 362
68 321
69 1456
70 1496
71 270
72 715
73 887
74 1448
75 1057
76 816
77 1132
78 229
79 1519
80 929
81 638
82 867
83 343
84 1418
85 1307
86 912
87 216
88 1130
89 32
90 1515
91 1090
92 730
93 358
94 404
95 1347
96 674
97 58
98 434
99 311
100 137
101 463
102 1487
103 20
104 522
105 43
106 379
107 1349
108 840
109 68
110 153
111 1287
112 1454
113 87
114 1009
115 215
116 1411
117 542
118 709
119 371
120 1269
121 1122
122 1127
123 398
124 1068
125 606
126 465
127 199
128 1098
129 493
130 339
131 1263
132 1278
133 1528
134 514
135 965
136 1445
137 1093
138 984
139 1447
140 9
141 859
142 312
143 1394
144 1371
145 775
146 164
147 1182
148 1008
149 22
150 1244
151 1339
152 1013
153 684
154 993
155 119
156 1326
157 1365
158 106
159 745
160 641
161 828
162 860
163 958
164 42
165 610
166 1102
167 1459
168 766
169 623
170 1506
171 1123
172 756
173 1261
174 1302
175 697
176 908
177 1441
178 176
179 63
180 1011
181 1198
182 797
183 233
184 876
185 1099
186 1049
187 1401
188 1193
189 1133
190 544
191 933
192 1485
193 773
194 865
195 117
196 622
197 967
198 482
199 1277
200 488
201 979
202 313
203 613
204 989
205 172
206 1171
207 348
208 1208
209 656
210 1012
211 566
212 812
213 1285
214 255
215 479
216 95
217 793
218 1150
219 1509
220 1002
221 183
222 1395
223 413
224 1344
225 1289
226 462
227 304
228 621
229 1052
230 523
231 728
232 346
233 1039
234 533
235 1107
236 367
237 353
238 1315
239 550
240 620
241 288
242 444
243 717
244 16
245 263
246 858
247 1428
248 906
249 1436
250 646
251 1005
252 1280
253 118
254 90
255 1212
256 660
257 120
258 880
259 571
260 696
261 597
262 889
263 777
264 328
265 785
266 763
267 759
268 1407
269 845
270 574
271 1071
272 374
273 1028
274 475
275 969
276 1398
277 1175
278 185
279 1187
280 930
281 1354
282 735
283 827
284 1166
285 554
286 1352
287 1527
288 565
289 429
290 302
291 45
292 855
293 802
294 596
295 1054
296 1311
297 1301
298 200
299 1324
300 1036
301 1025
302 389
303 1211
304 814
305 1256
306 637
307 695
308 1343
309 1481
310 752
311 608
312 509
313 1073
314 33
315 506
316 886
317 1060
318 791
319 1104
320 261
321 213
322 741
323 138
324 636
325 528
326 78
327 446
328 1526
329 387
330 392
331 953
332 981
333 1082
334 870
335 1092
336 1291
337 197
338 1281
339 1363
340 21
341 799
342 1088
343 1396
344 83
345 279
346 951
347 1312
348 918
349 849
350 874
351 1442
352 151
353 1473
354 103
355 1113
356 239
357 917
358 768
359 971
360 31
361 372
362 931
363 256
364 671
365 205
366 1225
367 1382
368 1414
369 207
370 1493
371 59
372 787
373 471
374 1367
375 648
376 750
377 1227
378 625
379 1224
380 897
381 1095
382 427
383 902
384 342
385 1181
386 1338
387 107
388 1406
389 1007
390 1470
391 507
392 91
393 1
394 254
395 895
396 885
397 711
398 459
399 1299
400 573
401 1100
402 1200
403 591
404 526
405 548
406 1040
407 336
408 510
409 1498
410 1044
411 480
412 491
413 624
414 432
415 1260
416 619
417 518
418 1247
419 1297
420 1249
421 232
422 939
423 562
424 245
425 505
426 114
427 146
428 801
429 102
430 903
431 6
432 1156
433 1152
434 1138
435 577
436 415
437 538
438 864
439 163
440 1050
441 650
442 329
443 1330
444 555
445 503
446 93
447 633
448 340
449 983
450 7
451 972
452 1063
453 982
454 253
455 661
456 1267
457 1380
458 390
459 1495
460 466
461 82
462 10
463 1443
464 1070
465 337
466 250
467 519
468 598
469 537
470 1094
471 603
472 535
473 1534
474 414
475 1209
476 116
477 1111
478 1403
479 798
480 541
481 74
482 737
483 212
484 1110
485 1210
486 28
487 1051
488 1046
489 1192
490 1340
491 127
492 689
493 173
494 817
495 158
496 996
497 188
498 774
499 676
500 424
501 1309
502 877
503 990
504 854
505 988
506 856
507 66
508 748
509 1241
510 282
511 1021
512 458
513 150
514 230
515 707
516 1319
517 324
518 585
519 691
520 708
521 484
522 1466
523 1020
524 1075
525 701
526 1376
527 764
528 79
529 1074
530 946
531 1286
532 920
533 977
534 178
535 564
536 430
537 1151
538 1253
539 805
540 1463
541 1469
542 13
543 234
544 225
545 634
546 1191
547 1048
548 1292
549 853
550 168
551 251
552 813
553 271
554 382
555 162
556 1346
557 401
558 1377
559 628
560 907
561 738
562 370
563 1499
564 447
565 259
566 1238
567 335
568 970
569 1451
570 191
571 751
572 771
573 916
574 448
575 670
576 1119
577 190
578 1118
579 334
580 290
581 1069
582 130
583 1337
584 587
585 1235
586 545
587 438
588 754
589 1361
590 1176
591 699
592 1115
593 1146
594 373
595 1159
596 1461
597 473
598 1064
599 442
600 1518
601 111
602 445
603 829
604 588
605 871
606 1091
607 724
608 960
609 1517
610 952
611 289
612 1431
613 436
614 1490
615 1026
616 520
617 457
618 326
619 1513
620 376
621 461
622 1478
623 1140
624 819
625 1383
626 1524
627 893
628 765
629 238
630 61
631 664
632 48
633 1341
634 423
635 604
636 1265
637 1507
638 1433
639 1536
640 69
641 1439
642 1355
643 934
644 581
645 536
646 52
647 789
648 1266
649 1024
650 882
651 1003
652 112
653 1429
654 403
655 1207
656 1236
657 1308
658 1426
659 1087
660 365
661 713
662 862
663 486
664 1494
665 1163
666 543
667 260
668 1328
669 184
670 407
671 1183
672 901
673 852
674 148
675 866
676 1169
677 1017
678 654
679 1508
680 742
681 1402
682 411
683 349
684 37
685 485
686 913
687 1031
688 350
689 1300
690 1362
691 165
692 38
693 1417
694 440
695 1317
696 780
697 1512
698 720
699 999
700 1076
701 1276
702 494
703 406
704 1444
705 1190
706 517
707 629
708 821
709 170
710 456
711 675
712 1522
713 1342
714 1062
715 355
716 734
717 995
718 296
719 159
720 611
721 997
722 1154
723 1149
724 878
725 1134
726 492
727 529
728 915
729 1273
730 1516
731 341
732 962
733 1446
734 1066
735 268
736 206
737 1125
738 575
739 3
740 1392
741 850
742 386
743 1216
744 1196
745 702
746 1239
747 834
748 1303
749 617
750 657
751 721
752 276
753 131
754 928
755 1015
756 627
757 273
758 784
759 1435
760 944
761 808
762 347
763 973
764 1131
765 1030
766 209
767 1128
768 330
769 1083
770 643
771 547
772 1353
773 1010
774 1179
775 1022
776 113
777 198
778 1234
779 1058
780 936
781 136
782 1364
783 498
784 823
785 320
786 524
787 1283
788 39
789 1332
790 948
791 1400
792 658
793 14
794 868
795 1004
796 1108
797 264
798 166
799 733
800 56
801 12
802 642
803 698
804 594
805 743
806 521
807 1145
808 469
809 1213
810 705
811 1268
812 1489
813 1360
814 152
815 496
816 281
817 1120
818 584
819 672
820 1203
821 1168
822 369
823 274
824 1105
825 272
826 49
827 615
828 1233
829 949
830 1029
831 319
832 203
833 1217
834 303
835 1097
836 1458
837 836
838 54
839 968
840 55
841 1178
842 1366
843 1329
844 1467
845 700
846 292
847 1419
848 297
849 1126
850 883
851 837
852 994
853 417
854 1219
855 540
856 841
857 998
858 890
859 1121
860 795
861 497
862 141
863 242
864 167
865 1237
866 563
867 1408
868 772
869 412
870 1089
871 1135
872 224
873 1202
874 1298
875 832
876 306
877 892
878 1231
879 1356
880 572
881 723
882 472
883 1255
884 753
885 806
886 1322
887 143
888 405
889 437
890 1502
891 470
892 237
893 898
894 690
895 667
896 662
897 277
898 530
899 481
900 954
901 590
902 1525
903 677
904 1254
905 1321
906 1177
907 1532
908 1412
909 570
910 1161
911 899
912 40
913 1350
914 501
915 357
916 149
917 133
918 1143
919 922
920 1535
921 356
922 77
923 280
924 1357
925 786
926 1041
927 706
928 955
929 1327
930 718
931 223
932 726
933 104
934 1148
935 992
936 1514
937 360
938 1510
939 872
940 919
941 1345
942 694
943 635
944 1279
945 1157
946 180
947 391
948 1438
949 1413
950 746
951 1359
952 1251
953 1053
954 652
955 331
956 1153
957 1313
958 681
959 1033
960 767
961 1483
962 552
963 1096
964 327
965 426
966 155
967 645
968 8
969 1474
970 1531
971 1117
972 927
973 663
974 1348
975 1500
976 926
977 1331
978 1023
979 644
980 267
981 511
982 80
983 421
984 1468
985 1530
986 1006
987 428
988 1452
989 844
990 217
991 1226
992 1246
993 673
994 1221
995 1501
996 385
997 409
998 1393
999 630
1000 825
1001 1199
1002 310
1003 499
1004 305
1005 749
1006 4
1007 1056
1008 943
1009 181
1010 220
1011 400
1012 714
1013 1305
1014 986
1015 156
1016 614
1017 451
1018 1139
1019 1314
1020 779
1021 11
1022 278
1023 399
1024 84
1025 1334
1026 1430
1027 755
1028 600
1029 947
1030 416
1031 460
1032 109
1033 35
1034 418
1035 1424
1036 740
1037 402
1038 174
1039 443
1040 1160
1041 124
1042 851
1043 283
1044 1488
1045 957
1046 561
1047 616
1048 626
1049 941
1050 607
1051 527
1052 1372
1053 978
1054 1079
1055 1472
1056 1014
1057 381
1058 736
1059 1106
1060 1389
1061 47
1062 1232
1063 1370
1064 914
1065 804
1066 758
1067 160
1068 905
1069 98
1070 265
1071 1174
1072 1521
1073 1081
1074 647
1075 1415
1076 76
1077 96
1078 716
1079 1141
1080 323
1081 452
1082 725
1083 275
1084 1078
1085 1533
1086 1136
1087 888
1088 1358
1089 531
1090 1186
1091 1147
1092 582
1093 1384
1094 62
1095 833
1096 269
1097 1204
1098 1410
1099 1047
1100 147
1101 1310
1102 1220
1103 1471
1104 831
1105 322
1106 1085
1107 513
1108 464
1109 1116
1110 169
1111 60
1112 222
1113 1416
1114 301
1115 307
1116 1000
1117 747
1118 1170
1119 632
1120 51
1121 1440
1122 776
1123 800
1124 1296
1125 1325
1126 1230
1127 1282
1128 579
1129 89
1130 553
1131 226
1132 219
1133 439
1134 1215
1135 810
1136 835
1137 653
1138 884
1139 640
1140 904
1141 195
1142 722
1143 41
1144 1369
1145 938
1146 770
1147 1275
1148 1295
1149 739
1150 1037
1151 34
1152 1257
1153 651
1154 1422
1155 477
1156 244
1157 36
1158 177
1159 128
1160 129
1161 132
1162 822
1163 956
1164 666
1165 393
1166 375
1167 942
1168 483
1169 1038
1170 196
1171 1379
1172 1323
1173 214
1174 126
1175 1042
1176 546
1177 318
1178 1034
1179 762
1180 665
1181 639
1182 71
1183 1284
1184 659
1185 1055
1186 731
1187 285
1188 1505
1189 693
1190 1240
1191 863
1192 208
1193 1427
1194 599
1195 580
1196 1520
1197 29
1198 1437
1199 1288
1200 171
1201 287
1202 352
1203 179
1204 5
1205 685
1206 811
1207 1027
1208 192
1209 65
1210 366
1211 257
1212 210
1213 1304
1214 1391
1215 1318
1216 125
1217 140
1218 67
1219 1059
1220 489
1221 783
1222 826
1223 134
1224 299
1225 121
1226 309
1227 97
1228 788
1229 704
1230 1065
1231 1320
1232 1460
1233 419
1234 557
1235 422
1236 592
1237 101
1238 909
1239 843
1240 1294
1241 435
1242 911
1243 790
1244 609
1245 1390
1246 1162
1247 1453
1248 1476
1249 861
1250 316
1251 431
1252 567
1253 1222
1254 1258
1255 1045
1256 1270
1257 487
1258 985
1259 586
1260 935
1261 937
1262 1409
1263 910
1264 532
1265 1511
1266 1479
1267 1188
1268 710
1269 1109
1270 857
1271 1077
1272 1465
1273 1067
1274 1475
1275 1449
1276 476
1277 284
1278 1114
1279 57
1280 1035
1281 291
1282 1061
1283 294
1284 1197
1285 354
1286 468
1287 1381
1288 923
1289 761
1290 1484
1291 293
1292 869
1293 848
1294 99
1295 595
1296 504
1297 578
1298 266
1299 668
1300 1421
1301 450
1302 175
1303 1043
1304 1016
1305 809
1306 842
1307 467
1308 891
1309 161
1310 760
1311 1180
1312 235
1313 1248
1314 25
1315 377
1316 221
1317 830
1318 1195
1319 247
1320 549
1321 558
1322 1262
1323 81
1324 1185
1325 338
1326 50
1327 792
1328 194
1329 308
1330 1434
1331 778
1332 1333
1333 1184
1334 807
1335 1404
1336 142
1337 1137
1338 605
1339 560
1340 201
1341 631
1342 1259
1343 123
1344 556
1345 441
1346 602
1347 1032
1348 73
1349 1223
1350 1250
1351 218
1352 1375
1353 703
1354 1405
1355 794
1356 1072
1357 838
1358 139
1359 359
1360 86
1361 115
1362 692
1363 991
1364 1399
1365 839
1366 490
1367 193
1368 601
1369 1243
1370 17
1371 1388
1372 686
1373 680
1374 249
1375 974
1376 516
1377 679
1378 1397
1379 1486
1380 1497
1381 1462
1382 879
1383 1086
1384 1523
1385 1264
1386 1464
1387 298
1388 396
1389 122
1390 18
1391 1293
1392 781
1393 228
1394 1080
1395 618
1396 378
1397 144
1398 1335
1399 966
1400 333
1401 241
1402 105
1403 315
1404 1387
1405 108
1406 53
1407 314
1408 252
1409 1124
1410 976
1411 576
1412 246
1413 1316
1414 44
1415 1491
1416 1336
1417 1245
1418 135
1419 712
1420 1450
1421 1019
1422 1529
1423 231
1424 820
1425 30
1426 1218
1427 975
1428 361
1429 227
1430 351
1431 15
1432 1378
1433 1457
1434 1214
1435 364
1436 525
1437 925
1438 363
1439 846
1440 824
1441 508
1442 959
1443 1455
1444 420
1445 950
1446 394
1447 683
1448 186
1449 1229
1450 593
1451 1158
1452 24
1453 727
1454 649
1455 1167
1456 1201
1457 1189
1458 1001
1459 568
1460 26
1461 383
1462 1477
1463 875
1464 1274
1465 75
1466 1205
1467 243
1468 1373
1469 46
1470 85
1471 325
1472 500
1473 332
1474 502
1475 796
1476 961
1477 2
1478 88
1479 189
1480 873
1481 669
1482 515
1483 559
1484 1242
1485 932
1486 589
1487 454
1488 211
1489 295
1490 478
1491 94
1492 1206
1493 368
1494 300
1495 1272
1496 1482
1497 202
1498 1504
1499 1386
1500 940
1501 729
1502 963
1503 539
1504 744
1505 384
1506 512
1507 425
1508 92
1509 1492
1510 154
1511 395
1512 1290
1513 688
1514 110
1515 980
1516 19
1517 344
1518 1165
1519 1172
1520 687
1521 317
1522 449
1523 1432
1524 1173
1525 1271
1526 1144
1527 410
1528 1084
1529 408
1530 1306
1531 70
1532 1420
1533 1228
1534 145
1535 495
1536 1423