1 378
2 1582
3 655
4 1438
5 1274
6 1265
7 1330
8 1041
9 1037
10 1173
11 1503
12 609
13 344
14 281
15 592
16 136
17 1707
18 177
19 1258
20 917
21 510
22 79
23 515
24 9
25 1072
26 1396
27 1368
28 530
29 1366
30 1474
31 1143
32 44
33 1512
34 38
35 778
36 1599
37 1253
38 264
39 1440
40 965
41 379
42 1073
43 290
44 51
45 1058
46 906
47 901
48 1134
49 224
50 934
51 932
52 740
53 493
54 1526
55 1174
56 140
57 182
58 1222
59 525
60 762
61 967
62 1057
63 420
64 828
65 202
66 849
67 214
68 1351
69 1535
70 1224
71 521
72 80
73 694
74 54
75 374
76 111
77 384
78 1630
79 892
80 1567
81 92
82 533
83 784
84 1551
85 1012
86 1405
87 1192
88 947
89 1587
90 1411
91 307
92 844
93 861
94 269
95 703
96 1211
97 67
98 1347
99 705
100 1487
101 1184
102 1201
103 648
104 697
105 738
106 1589
107 461
108 1559
109 494
110 1518
111 798
112 29
113 1114
114 1585
115 1356
116 1647
117 536
118 1597
119 1706
120 74
121 1020
122 686
123 62
124 1694
125 1303
126 1568
127 459
128 1052
129 298
130 554
131 1348
132 314
133 634
134 1124
135 877
136 1458
137 537
138 1522
139 213
140 415
141 1569
142 1557
143 393
144 1080
145 327
146 57
147 1669
148 998
149 1678
150 811
151 1349
152 1570
153 757
154 633
155 1666
156 501
157 31
158 302
159 245
160 460
161 1353
162 1527
163 1148
164 1689
165 1664
166 756
167 512
168 1782
169 663
170 846
171 644
172 156
173 1459
174 618
175 795
176 1486
177 553
178 520
179 955
180 549
181 421
182 222
183 597
184 641
185 725
186 931
187 1618
188 335
189 1040
190 270
191 275
192 173
193 990
194 1784
195 802
196 664
197 161
198 1332
199 1734
200 101
201 1104
202 1326
203 936
204 688
205 1147
206 349
207 848
208 858
209 1605
210 1667
211 1034
212 306
213 1419
214 118
215 654
216 1765
217 999
218 59
219 1531
220 352
221 1200
222 1032
223 444
224 916
225 993
226 85
227 334
228 112
229 446
230 115
231 954
232 1194
233 873
234 486
235 1478
236 12
237 297
238 516
239 385
240 1726
241 1603
242 1312
243 976
244 674
245 1006
246 1070
247 855
248 1583
249 1338
250 1342
251 162
252 1091
253 1185
254 60
255 1609
256 919
257 573
258 1728
259 1257
260 17
261 1787
262 1320
263 197
264 787
265 373
266 354
267 371
268 1783
269 89
270 898
271 1007
272 1241
273 1325
274 739
275 736
276 148
277 102
278 1576
279 109
280 1751
281 359
282 899
283 1422
284 1161
285 87
286 46
287 497
288 1542
289 1658
290 1404
291 1779
292 813
293 753
294 1304
295 709
296 78
297 872
298 1308
299 1141
300 670
301 1043
302 1009
303 1378
304 1524
305 1482
306 676
307 1112
308 818
309 923
310 734
311 490
312 511
313 1443
314 647
315 1021
316 331
317 562
318 956
319 662
320 774
321 971
322 436
323 1036
324 987
325 1163
326 259
327 495
328 790
329 1389
330 626
331 76
332 1562
333 480
334 1122
335 1343
336 250
337 865
338 242
339 535
340 1313
341 1625
342 888
343 1182
344 1081
345 829
346 345
347 289
348 1327
349 588
350 419
351 1370
352 1159
353 212
354 1681
355 1064
356 804
357 550
358 544
359 1108
360 203
361 66
362 231
363 489
364 564
365 1517
366 613
367 814
368 100
369 730
370 748
371 219
372 1566
373 263
374 16
375 402
376 1717
377 1286
378 815
379 1429
380 337
381 1730
382 1672
383 871
384 962
385 1786
386 1375
387 1574
388 1220
389 1397
390 309
391 1433
392 755
393 462
394 1393
395 93
396 918
397 984
398 1738
399 377
400 292
401 316
402 1445
403 889
404 474
405 1100
406 28
407 217
408 1051
409 1077
410 239
411 1095
412 1097
413 1191
414 1123
415 1560
416 350
417 283
418 1333
419 991
420 905
421 172
422 52
423 551
424 463
425 293
426 1309
427 727
428 1544
429 922
430 211
431 989
432 13
433 1778
434 820
435 296
436 346
437 900
438 895
439 1617
440 1230
441 650
442 1476
443 630
444 453
445 483
446 445
447 1042
448 1580
449 796
450 1204
451 679
452 870
453 768
454 1379
455 715
456 249
457 880
458 143
459 1138
460 257
461 1525
462 1704
463 1679
464 1209
465 254
466 952
467 1015
468 943
469 724
470 2
471 1645
472 1028
473 859
474 712
475 368
476 1737
477 1331
478 433
479 247
480 184
481 1231
482 927
483 473
484 276
485 638
486 427
487 671
488 1434
489 1183
490 53
491 227
492 1628
493 764
494 61
495 527
496 593
497 1685
498 369
499 477
500 355
501 1441
502 443
503 1622
504 1093
505 284
506 1720
507 1695
508 1033
509 1169
510 742
511 826
512 935
513 1236
514 1382
515 728
516 1038
517 1005
518 1162
519 731
520 717
521 37
522 797
523 666
524 1035
525 1076
526 995
527 1381
528 566
529 851
530 616
531 1768
532 1060
533 1475
534 1146
535 642
536 691
537 397
538 1598
539 836
540 1420
541 90
542 640
543 656
544 631
545 1276
546 632
547 1635
548 1263
549 750
550 234
551 1741
552 1727
553 780
554 1086
555 863
556 6
557 469
558 758
559 1558
560 238
561 701
562 185
563 1610
564 340
565 850
566 660
567 819
568 310
569 1412
570 1272
571 902
572 1746
573 1193
574 175
575 304
576 576
577 34
578 362
579 1436
580 482
581 435
582 708
583 983
584 824
585 1484
586 1615
587 300
588 186
589 471
590 1677
591 484
592 1621
593 825
594 1089
595 1762
596 945
597 208
598 1620
599 959
600 891
601 1156
602 138
603 1047
604 1437
605 1062
606 108
607 682
608 1310
609 1584
610 569
611 1392
612 1374
613 1336
614 879
615 475
616 75
617 1377
618 347
619 1059
620 737
621 179
622 1545
623 1732
624 817
625 926
626 585
627 246
628 400
629 1649
630 583
631 629
632 1178
633 909
634 773
635 1341
636 968
637 1686
638 575
639 1
640 809
641 1208
642 770
643 623
644 606
645 519
646 144
647 1448
648 1721
649 1137
650 643
651 924
652 155
653 522
654 1131
655 1547
656 628
657 114
658 692
659 1718
660 1030
661 86
662 545
663 759
664 1255
665 716
666 552
667 1662
668 1780
669 1181
670 1388
671 1697
672 68
673 1449
674 1071
675 1415
676 1328
677 1608
678 1271
679 1018
680 367
681 472
682 338
683 603
684 1593
685 273
686 969
687 1251
688 1261
689 1633
690 127
691 228
692 1401
693 622
694 125
695 1692
696 405
697 145
698 1446
699 158
700 1472
701 171
702 1421
703 1540
704 1235
705 1466
706 1604
707 1339
708 229
709 122
710 1025
711 43
712 332
713 771
714 166
715 318
716 1495
717 961
718 1724
719 1606
720 1291
721 977
722 1344
723 904
724 584
725 1413
726 837
727 130
728 198
729 165
730 1529
731 706
732 1110
733 1756
734 320
735 507
736 1227
737 890
738 1546
739 1457
740 595
741 1637
742 1723
743 514
744 875
745 1652
746 491
747 1055
748 14
749 24
750 866
751 1213
752 1385
753 1117
754 970
755 1149
756 272
757 248
758 1736
759 365
760 540
761 274
762 1167
763 407
764 1244
765 1049
766 40
767 429
768 58
769 878
770 1764
771 147
772 1710
773 1075
774 1083
775 110
776 531
777 381
778 392
779 312
780 1607
781 845
782 1078
783 1160
784 237
785 1432
786 833
787 157
788 1260
789 1435
790 132
791 689
792 1743
793 1670
794 1427
795 1004
796 543
797 1088
798 696
799 794
800 680
801 687
802 386
803 1318
804 1288
805 752
806 775
807 1044
808 1430
809 982
810 1745
811 1571
812 1773
813 1082
814 673
815 454
816 1627
817 1771
818 1352
819 711
820 1596
821 806
822 607
823 556
824 667
825 903
826 1334
827 1180
828 1538
829 1653
830 1788
831 1061
832 451
833 788
834 295
835 577
836 915
837 1364
838 1591
839 1754
840 1612
841 1176
842 526
843 843
844 1145
845 1345
846 1703
847 1090
848 1491
849 1675
850 1234
851 42
852 353
853 589
854 1752
855 150
856 973
857 1660
858 852
859 414
860 1158
861 476
862 470
863 1039
864 1644
865 1451
866 478
867 1631
868 95
869 735
870 1534
871 894
872 395
873 241
874 812
875 154
876 20
877 614
878 572
879 195
880 558
881 1096
882 1084
883 800
884 1619
885 1024
886 1555
887 266
888 941
889 396
890 949
891 77
892 168
893 1283
894 1188
895 580
896 951
897 1414
898 883
899 1246
900 760
901 188
902 719
903 693
904 832
905 1452
906 277
907 1515
908 847
909 328
910 1758
911 1151
912 481
913 763
914 1125
915 1431
916 1316
917 950
918 659
919 380
920 1506
921 1029
922 1168
923 311
924 1079
925 996
926 117
927 840
928 97
929 1314
930 341
931 1640
932 1063
933 1733
934 1477
935 1748
936 1691
937 649
938 360
939 1564
940 1281
941 83
942 1289
943 1256
944 1701
945 1790
946 225
947 343
948 1408
949 81
950 487
951 723
952 1284
953 319
954 761
955 26
956 1490
957 244
958 1250
959 82
960 910
961 868
962 1087
963 503
964 467
965 702
966 1539
967 1729
968 502
969 1011
970 1361
971 1418
972 586
973 1275
974 612
975 509
976 887
977 1716
978 434
979 261
980 619
981 178
982 1223
983 746
984 1152
985 1269
986 964
987 1153
988 1390
989 1127
990 333
991 1065
992 1682
993 978
994 73
995 1400
996 785
997 153
998 1501
999 431
1000 803
1001 1767
1002 1210
1003 582
1004 98
1005 1541
1006 48
1007 542
1008 1613
1009 437
1010 1218
1011 1293
1012 1537
1013 801
1014 382
1015 464
1016 1367
1017 1197
1018 541
1019 975
1020 675
1021 1280
1022 1502
1023 1702
1024 605
1025 821
1026 1207
1027 652
1028 1202
1029 1128
1030 1781
1031 65
1032 1577
1033 301
1034 856
1035 3
1036 1469
1037 181
1038 690
1039 142
1040 192
1041 596
1042 1657
1043 1121
1044 71
1045 287
1046 567
1047 21
1048 1226
1049 1755
1050 744
1051 547
1052 1763
1053 940
1054 911
1055 106
1056 288
1057 1661
1058 767
1059 170
1060 119
1061 1372
1062 1489
1063 468
1064 948
1065 19
1066 529
1067 1287
1068 864
1069 560
1070 286
1071 1190
1072 1350
1073 1053
1074 886
1075 94
1076 1480
1077 50
1078 979
1079 1705
1080 860
1081 636
1082 1575
1083 538
1084 997
1085 561
1086 1554
1087 358
1088 1634
1089 189
1090 1369
1091 425
1092 232
1093 15
1094 1770
1095 336
1096 1602
1097 1521
1098 827
1099 921
1100 1387
1101 1785
1102 1523
1103 914
1104 1337
1105 479
1106 776
1107 404
1108 1680
1109 1198
1110 1442
1111 1492
1112 805
1113 1416
1114 839
1115 565
1116 590
1117 133
1118 356
1119 1548
1120 1516
1121 732
1122 1203
1123 1228
1124 348
1125 862
1126 1002
1127 1698
1128 602
1129 1172
1130 1426
1131 308
1132 210
1133 1453
1134 49
1135 1321
1136 765
1137 1212
1138 325
1139 1120
1140 1099
1141 103
1142 1650
1143 1150
1144 88
1145 1463
1146 35
1147 1424
1148 1595
1149 957
1150 912
1151 1509
1152 1632
1153 251
1154 56
1155 1461
1156 299
1157 782
1158 18
1159 766
1160 1206
1161 610
1162 121
1163 1792
1164 1157
1165 677
1166 1485
1167 1719
1168 394
1169 141
1170 1588
1171 233
1172 1395
1173 216
1174 944
1175 570
1176 834
1177 1519
1178 1394
1179 47
1180 1450
1181 653
1182 1573
1183 191
1184 1144
1185 1118
1186 406
1187 1335
1188 1641
1189 1561
1190 1130
1191 546
1192 1493
1193 528
1194 342
1195 1688
1196 280
1197 700
1198 4
1199 988
1200 1391
1201 240
1202 1298
1203 1363
1204 1655
1205 456
1206 430
1207 1711
1208 1237
1209 1214
1210 1013
1211 966
1212 1536
1213 714
1214 1410
1215 1050
1216 1750
1217 568
1218 417
1219 1417
1220 599
1221 11
1222 1648
1223 1376
1224 113
1225 1248
1226 684
1227 733
1228 391
1229 810
1230 124
1231 985
1232 581
1233 958
1234 1264
1235 408
1236 841
1237 793
1238 139
1239 1769
1240 1565
1241 635
1242 669
1243 925
1244 830
1245 611
1246 1708
1247 1017
1248 492
1249 1135
1250 428
1251 1229
1252 268
1253 823
1254 1249
1255 323
1256 23
1257 1581
1258 876
1259 1760
1260 1247
1261 1001
1262 745
1263 1254
1264 874
1265 749
1266 1709
1267 256
1268 129
1269 1311
1270 339
1271 928
1272 1494
1273 303
1274 1354
1275 1473
1276 8
1277 1139
1278 1103
1279 532
1280 418
1281 822
1282 1646
1283 867
1284 920
1285 939
1286 1199
1287 1132
1288 1109
1289 315
1290 176
1291 661
1292 1282
1293 1530
1294 1496
1295 747
1296 1243
1297 627
1298 726
1299 1189
1300 206
1301 1671
1302 594
1303 423
1304 548
1305 1590
1306 1106
1307 1068
1308 267
1309 105
1310 1126
1311 930
1312 1654
1313 1187
1314 777
1315 1054
1316 390
1317 1471
1318 1749
1319 424
1320 1774
1321 291
1322 1624
1323 278
1324 326
1325 1297
1326 769
1327 5
1328 135
1329 665
1330 1481
1331 946
1332 1543
1333 294
1334 574
1335 104
1336 1659
1337 1690
1338 972
1339 152
1340 1358
1341 625
1342 351
1343 1273
1344 1105
1345 448
1346 218
1347 1714
1348 375
1349 799
1350 1614
1351 1142
1352 1279
1353 1164
1354 1444
1355 196
1356 39
1357 1107
1358 223
1359 598
1360 1048
1361 260
1362 698
1363 398
1364 1111
1365 808
1366 505
1367 1285
1368 1195
1369 409
1370 1092
1371 559
1372 330
1373 258
1374 201
1375 1315
1376 116
1377 305
1378 986
1379 1233
1380 882
1381 557
1382 485
1383 1010
1384 1403
1385 842
1386 1296
1387 743
1388 1225
1389 1217
1390 707
1391 1277
1392 615
1393 361
1394 838
1395 657
1396 1586
1397 383
1398 1611
1399 1045
1400 1154
1401 1019
1402 91
1403 32
1404 1642
1405 412
1406 220
1407 1046
1408 579
1409 33
1410 994
1411 64
1412 1219
1413 1242
1414 831
1415 163
1416 1252
1417 1294
1418 1528
1419 1386
1420 651
1421 668
1422 563
1423 255
1424 1301
1425 506
1426 1177
1427 1259
1428 1179
1429 1715
1430 1674
1431 571
1432 869
1433 357
1434 1175
1435 1238
1436 387
1437 1102
1438 282
1439 401
1440 646
1441 1399
1442 713
1443 432
1444 134
1445 230
1446 1578
1447 645
1448 792
1449 1739
1450 243
1451 699
1452 1423
1453 835
1454 779
1455 600
1456 200
1457 279
1458 439
1459 317
1460 1140
1461 363
1462 1731
1463 672
1464 236
1465 388
1466 422
1467 1766
1468 685
1469 704
1470 372
1471 221
1472 226
1473 1262
1474 639
1475 608
1476 1319
1477 929
1478 324
1479 1022
1480 772
1481 1371
1482 120
1483 578
1484 1504
1485 55
1486 426
1487 908
1488 555
1489 1031
1490 69
1491 1069
1492 791
1493 376
1494 1500
1495 1008
1496 1507
1497 1462
1498 99
1499 137
1500 1355
1501 1454
1502 1455
1503 265
1504 1556
1505 1425
1506 1317
1507 1572
1508 1757
1509 1549
1510 174
1511 1579
1512 1550
1513 518
1514 457
1515 980
1516 1216
1517 1406
1518 411
1519 1295
1520 1221
1521 25
1522 720
1523 440
1524 1232
1525 500
1526 1215
1527 617
1528 1592
1529 1687
1530 204
1531 1722
1532 953
1533 534
1534 149
1535 853
1536 1600
1537 1266
1538 1594
1539 678
1540 1240
1541 1643
1542 1510
1543 1409
1544 539
1545 1464
1546 881
1547 1292
1548 1074
1549 169
1550 1373
1551 1467
1552 1380
1553 1508
1554 194
1555 913
1556 22
1557 146
1558 1638
1559 1166
1560 1699
1561 1329
1562 465
1563 1016
1564 1270
1565 499
1566 1447
1567 1742
1568 1552
1569 1357
1570 107
1571 455
1572 1359
1573 1136
1574 1497
1575 45
1576 458
1577 96
1578 1113
1579 504
1580 1245
1581 681
1582 807
1583 1094
1584 1514
1585 938
1586 854
1587 1119
1588 974
1589 1027
1590 624
1591 1014
1592 215
1593 253
1594 452
1595 896
1596 1777
1597 1306
1598 1651
1599 695
1600 1465
1601 1384
1602 1563
1603 637
1604 450
1605 10
1606 1398
1607 1693
1608 591
1609 416
1610 1626
1611 498
1612 1085
1613 366
1614 523
1615 1483
1616 447
1617 488
1618 1346
1619 84
1620 1171
1621 992
1622 1761
1623 1753
1624 751
1625 1362
1626 1290
1627 329
1628 1511
1629 209
1630 1116
1631 183
1632 513
1633 1696
1634 658
1635 36
1636 683
1637 7
1638 164
1639 205
1640 207
1641 1725
1642 1513
1643 1000
1644 1740
1645 1023
1646 1520
1647 262
1648 897
1649 1683
1650 187
1651 1684
1652 41
1653 789
1654 449
1655 410
1656 1133
1657 1003
1658 321
1659 72
1660 1747
1661 1533
1662 1026
1663 816
1664 1340
1665 180
1666 123
1667 722
1668 364
1669 285
1670 126
1671 1656
1672 1479
1673 399
1674 741
1675 193
1676 1067
1677 128
1678 1360
1679 403
1680 1616
1681 1505
1682 1700
1683 167
1684 322
1685 786
1686 1056
1687 1165
1688 413
1689 70
1690 1402
1691 1744
1692 271
1693 604
1694 884
1695 981
1696 781
1697 1407
1698 1300
1699 517
1700 1759
1701 252
1702 1456
1703 1775
1704 963
1705 718
1706 438
1707 1668
1708 30
1709 496
1710 1365
1711 1468
1712 587
1713 199
1714 1299
1715 1101
1716 1789
1717 1267
1718 151
1719 131
1720 313
1721 1186
1722 508
1723 960
1724 1115
1725 190
1726 1676
1727 1470
1728 710
1729 1278
1730 1323
1731 885
1732 1532
1733 1665
1734 1098
1735 1735
1736 1712
1737 389
1738 1239
1739 27
1740 466
1741 783
1742 1713
1743 1155
1744 1460
1745 721
1746 1636
1747 442
1748 1553
1749 1488
1750 1170
1751 1663
1752 942
1753 1129
1754 1066
1755 524
1756 893
1757 601
1758 1601
1759 1772
1760 933
1761 754
1762 159
1763 235
1764 1439
1765 63
1766 1205
1767 160
1768 1196
1769 370
1770 620
1771 857
1772 1302
1773 1383
1774 1428
1775 729
1776 621
1777 1776
1778 1307
1779 1322
1780 1629
1781 907
1782 1623
1783 1673
1784 1324
1785 1791
1786 1499
1787 1305
1788 937
1789 1268
1790 1498
1791 1639
1792 441