1 1130
2 1078
3 317
4 366
5 958
6 1172
7 517
8 1150
9 357
10 611
11 673
12 1256
13 401
14 607
15 1046
16 554
17 1346
18 1277
19 1682
20 1204
21 49
22 1741
23 1231
24 1628
25 1463
26 1324
27 76
28 1752
29 41
30 1202
31 525
32 1546
33 61
34 1763
35 1397
36 382
37 1396
38 695
39 1805
40 43
41 2014
42 1360
43 1986
44 1968
45 1855
46 1954
47 544
48 808
49 1102
50 980
51 532
52 1833
53 112
54 120
55 283
56 1352
57 801
58 575
59 1216
60 903
61 303
62 650
63 469
64 716
65 1723
66 732
67 1609
68 754
69 1424
70 954
71 285
72 570
73 363
74 95
75 533
76 1002
77 658
78 1852
79 1040
80 1414
81 1403
82 1480
83 101
84 1006
85 94
86 1001
87 1776
88 617
89 511
90 1244
91 1730
92 1995
93 14
94 1786
95 370
96 1544
97 753
98 1444
99 1915
100 956
101 72
102 342
103 1339
104 200
105 1008
106 1931
107 921
108 9
109 1445
110 1926
111 1118
112 476
113 416
114 419
115 749
116 443
117 1114
118 237
119 1080
120 1169
121 553
122 951
123 792
124 1152
125 405
126 1375
127 195
128 2048
129 1857
130 1398
131 348
132 1538
133 1364
134 1043
135 1724
136 1318
137 530
138 1873
139 157
140 1958
141 1030
142 1225
143 1737
144 2
145 355
146 983
147 1769
148 108
149 809
150 1213
151 625
152 1664
153 1208
154 897
155 829
156 472
157 1578
158 1516
159 1429
160 763
161 2001
162 65
163 1028
164 1974
165 704
166 736
167 643
168 1877
169 1381
170 177
171 1319
172 543
173 1838
174 470
175 1326
176 787
177 19
178 1573
179 1844
180 591
181 1936
182 1020
183 881
184 477
185 1897
186 1077
187 1438
188 1587
189 1071
190 933
191 661
192 1800
193 1269
194 459
195 1788
196 1415
197 1744
198 942
199 715
200 1011
201 96
202 1655
203 63
204 1712
205 1290
206 1837
207 1063
208 714
209 2024
210 1497
211 1809
212 1969
213 1554
214 1600
215 1184
216 1145
217 1810
218 1140
219 679
220 1702
221 86
222 1694
223 664
224 1624
225 1348
226 432
227 1416
228 8
229 1869
230 1402
231 598
232 1846
233 589
234 1878
235 821
236 1233
237 1829
238 626
239 152
240 1887
241 1606
242 959
243 682
244 1498
245 215
246 1913
247 1803
248 1037
249 574
250 1264
251 1031
252 1864
253 114
254 1285
255 1110
256 1107
257 1563
258 1490
259 1073
260 1021
261 1000
262 1003
263 750
264 328
265 672
266 412
267 786
268 287
269 2020
270 790
271 1526
272 1222
273 330
274 549
275 883
276 1562
277 859
278 403
279 296
280 1276
281 599
282 270
283 228
284 501
285 84
286 1783
287 1268
288 1709
289 1190
290 970
291 1710
292 1129
293 698
294 1273
295 669
296 1338
297 1210
298 998
299 982
300 280
301 1549
302 516
303 224
304 1283
305 564
306 261
307 1187
308 836
309 1421
310 106
311 1626
312 1713
313 234
314 660
315 693
316 1237
317 1484
318 817
319 1220
320 143
321 1542
322 1447
323 1535
324 1935
325 344
326 1847
327 140
328 1957
329 453
330 1808
331 131
332 431
333 1144
334 1482
335 1550
336 1982
337 1717
338 478
339 986
340 411
341 685
342 1434
343 820
344 198
345 1013
346 815
347 1062
348 652
349 1068
350 409
351 11
352 1858
353 1451
354 488
355 56
356 785
357 898
358 495
359 1289
360 1478
361 47
362 1380
363 54
364 1111
365 508
366 87
367 331
368 1153
369 1328
370 1347
371 170
372 872
373 1015
374 760
375 1327
376 414
377 436
378 615
379 824
380 1393
381 590
382 192
383 814
384 429
385 541
386 744
387 1456
388 823
389 992
390 255
391 343
392 1598
393 437
394 1988
395 853
396 1275
397 657
398 1826
399 878
400 518
401 1668
402 1733
403 884
404 1401
405 1251
406 576
407 1370
408 975
409 160
410 630
411 1359
412 1630
413 221
414 858
415 1057
416 1905
417 831
418 934
419 352
420 1334
421 1014
422 526
423 415
424 167
425 2023
426 1782
427 1493
428 1267
429 1755
430 1998
431 128
432 1356
433 1023
434 1934
435 326
436 347
437 491
438 1148
439 1736
440 707
441 1726
442 183
443 1885
444 1841
445 1912
446 1265
447 1756
448 1058
449 420
450 1509
451 1089
452 115
453 137
454 1162
455 1344
456 1650
457 124
458 535
459 1728
460 247
461 1981
462 690
463 1721
464 1561
465 1924
466 1234
467 1536
468 489
469 894
470 556
471 217
472 523
473 538
474 665
475 507
476 1239
477 184
478 269
479 1060
480 462
481 1891
482 279
483 542
484 46
485 521
486 1391
487 1018
488 353
489 1918
490 1894
491 20
492 662
493 1044
494 1238
495 2041
496 1868
497 609
498 191
499 1574
500 703
501 1163
502 1127
503 733
504 1849
505 798
506 1754
507 389
508 932
509 2016
510 286
511 687
512 1217
513 102
514 724
515 1902
516 728
517 438
518 1961
519 1462
520 1615
521 218
522 510
523 506
524 1279
525 205
526 1054
527 1392
528 537
529 1353
530 318
531 1174
532 711
533 278
534 1825
535 1180
536 1899
537 1197
538 597
539 1956
540 179
541 1967
542 1263
543 1499
544 58
545 830
546 98
547 455
548 119
549 232
550 513
551 345
552 1645
553 1749
554 1123
555 1300
556 573
557 810
558 1399
559 1747
560 1361
561 381
562 1383
563 1308
564 1619
565 1514
566 683
567 421
568 965
569 734
570 451
571 1487
572 772
573 301
574 879
575 291
576 583
577 653
578 90
579 1245
580 1076
581 769
582 1134
583 1916
584 1476
585 984
586 692
587 1121
588 691
589 1518
590 1547
591 1505
592 1952
593 1483
594 1155
595 461
596 871
597 1494
598 350
599 560
600 1069
601 384
602 182
603 1994
604 1696
605 1614
606 1586
607 1880
608 1673
609 1692
610 1466
611 659
612 1311
613 1343
614 907
615 260
616 799
617 1323
618 1679
619 1665
620 1240
621 15
622 1377
623 1255
624 373
625 1608
626 613
627 2013
628 457
629 1196
630 1262
631 780
632 1515
633 945
634 1963
635 1553
636 1116
637 1669
638 961
639 1863
640 723
641 1716
642 767
643 978
644 748
645 34
646 1827
647 646
648 156
649 901
650 272
651 1246
652 515
653 1685
654 162
655 235
656 1293
657 1091
658 361
659 33
660 743
661 1789
662 266
663 552
664 899
665 319
666 1325
667 267
668 39
669 244
670 918
671 1329
672 550
673 197
674 1310
675 1603
676 499
677 1461
678 644
679 395
680 240
681 1122
682 1792
683 585
684 1822
685 1288
686 919
687 588
688 1455
689 38
690 479
691 1856
692 332
693 1358
694 1778
695 1176
696 1569
697 1160
698 771
699 388
700 336
701 1807
702 1597
703 892
704 1192
705 2008
706 1306
707 1772
708 2006
709 1748
710 731
711 1559
712 474
713 1566
714 581
715 44
716 1948
717 262
718 492
719 1103
720 1419
721 562
722 1819
723 2028
724 586
725 1714
726 802
727 1594
728 308
729 794
730 1831
731 213
732 855
733 450
734 1341
735 45
736 471
737 1667
738 71
739 592
740 1804
741 1297
742 1390
743 322
744 645
745 1853
746 1530
747 417
748 1920
749 1506
750 529
751 288
752 701
753 1410
754 1157
755 1186
756 1406
757 1376
758 594
759 1872
760 207
761 158
762 1133
763 1654
764 963
765 1357
766 1166
767 1659
768 2040
769 1942
770 1558
771 1617
772 885
773 1009
774 246
775 1605
776 1032
777 620
778 1382
779 1907
780 845
781 1012
782 912
783 435
784 1374
785 709
786 1588
787 1999
788 1182
789 1460
790 2030
791 32
792 967
793 1541
794 1312
795 1545
796 621
797 539
798 505
799 1524
800 1372
801 468
802 445
803 584
804 725
805 927
806 175
807 1735
808 651
809 464
810 600
811 1472
812 2017
813 2022
814 902
815 40
816 697
817 1082
818 1882
819 1351
820 849
821 1677
822 746
823 1
824 1235
825 1596
826 722
827 1698
828 377
829 1799
830 791
831 1627
832 504
833 882
834 1385
835 565
836 953
837 649
838 593
839 605
840 1201
841 1132
842 666
843 1908
844 603
845 623
846 601
847 1875
848 1765
849 796
850 1286
851 930
852 337
853 1417
854 1631
855 629
856 371
857 1465
858 1637
859 926
860 241
861 717
862 379
863 385
864 13
865 1893
866 29
867 726
868 944
869 949
870 339
871 334
872 1548
873 367
874 1871
875 6
876 1029
877 264
878 148
879 708
880 1052
881 909
882 1034
883 1854
884 1019
885 1972
886 1771
887 1146
888 633
889 1486
890 203
891 937
892 1820
893 880
894 1219
895 557
896 402
897 596
898 1927
899 960
900 1611
901 423
902 107
903 1295
904 834
905 2012
906 976
907 1693
908 99
909 1684
910 1635
911 1980
912 1303
913 1221
914 811
915 877
916 1206
917 636
918 1760
919 22
920 957
921 1433
922 1337
923 1689
924 1945
925 1366
926 161
927 974
928 18
929 841
930 498
931 1138
932 1425
933 1330
934 1459
935 558
936 1331
937 135
938 1335
939 940
940 1100
941 681
942 1711
943 854
944 340
945 519
946 977
947 23
948 966
949 1512
950 936
951 1806
952 1764
953 2025
954 1742
955 1660
956 466
957 1602
958 1607
959 180
960 856
961 75
962 1079
963 1296
964 775
965 1362
966 214
967 1572
968 487
969 1042
970 1168
971 1745
972 1164
973 822
974 497
975 1906
976 1099
977 1395
978 1125
979 1479
980 1781
981 1751
982 1862
983 1485
984 1161
985 1271
986 1453
987 1821
988 85
989 635
990 642
991 310
992 1738
993 81
994 1307
995 1253
996 1695
997 1226
998 735
999 341
1000 282
1001 1814
1002 1261
1003 632
1004 312
1005 1861
1006 1373
1007 97
1008 1092
1009 2033
1010 1501
1011 1412
1012 7
1013 1024
1014 1147
1015 1177
1016 1966
1017 869
1018 1033
1019 199
1020 587
1021 713
1022 53
1023 700
1024 719
1025 1203
1026 848
1027 639
1028 428
1029 1674
1030 2005
1031 1734
1032 188
1033 70
1034 311
1035 1097
1036 1888
1037 545
1038 1970
1039 1761
1040 1259
1041 534
1042 1050
1043 1579
1044 187
1045 1241
1046 295
1047 1432
1048 1884
1049 745
1050 268
1051 1798
1052 133
1053 79
1054 689
1055 640
1056 1706
1057 547
1058 1874
1059 1774
1060 117
1061 1248
1062 1780
1063 522
1064 229
1065 1117
1066 990
1067 931
1068 10
1069 925
1070 78
1071 1236
1072 1911
1073 1629
1074 1154
1075 922
1076 979
1077 1720
1078 686
1079 1299
1080 806
1081 913
1082 641
1083 193
1084 2027
1085 37
1086 1520
1087 298
1088 396
1089 816
1090 1901
1091 233
1092 482
1093 21
1094 1638
1095 2043
1096 1633
1097 1304
1098 1973
1099 256
1100 230
1101 231
1102 981
1103 2011
1104 1316
1105 1431
1106 1870
1107 612
1108 843
1109 1066
1110 407
1111 739
1112 324
1113 1759
1114 1404
1115 265
1116 212
1117 1064
1118 1215
1119 1641
1120 1243
1121 759
1122 1522
1123 680
1124 475
1125 440
1126 121
1127 1977
1128 572
1129 1865
1130 2018
1131 1298
1132 1727
1133 1249
1134 1722
1135 939
1136 973
1137 1989
1138 1811
1139 694
1140 727
1141 910
1142 917
1143 964
1144 2039
1145 1257
1146 1843
1147 1824
1148 1035
1149 430
1150 1090
1151 1179
1152 1131
1153 757
1154 1142
1155 1922
1156 568
1157 1081
1158 1400
1159 1946
1160 1367
1161 434
1162 1508
1163 1314
1164 1523
1165 1072
1166 1137
1167 578
1168 1189
1169 12
1170 729
1171 873
1172 1850
1173 1531
1174 254
1175 1984
1176 893
1177 1439
1178 531
1179 1564
1180 129
1181 1510
1182 2026
1183 1690
1184 1016
1185 1773
1186 444
1187 153
1188 1004
1189 1866
1190 782
1191 126
1192 758
1193 952
1194 111
1195 292
1196 1388
1197 803
1198 316
1199 1796
1200 91
1201 1687
1202 756
1203 26
1204 425
1205 637
1206 1302
1207 1718
1208 1473
1209 847
1210 996
1211 1794
1212 1848
1213 1007
1214 1879
1215 502
1216 223
1217 778
1218 566
1219 1322
1220 253
1221 245
1222 850
1223 1666
1224 1700
1225 1816
1226 1890
1227 493
1228 1929
1229 670
1230 1036
1231 852
1232 1119
1233 2046
1234 779
1235 874
1236 1420
1237 2047
1238 1475
1239 1315
1240 2034
1241 490
1242 1409
1243 1389
1244 941
1245 840
1246 825
1247 1971
1248 1686
1249 1108
1250 194
1251 2037
1252 861
1253 628
1254 1636
1255 1997
1256 718
1257 561
1258 1200
1259 1336
1260 1886
1261 93
1262 394
1263 1676
1264 1662
1265 1528
1266 1932
1267 1309
1268 788
1269 456
1270 997
1271 972
1272 1834
1273 427
1274 1802
1275 1193
1276 762
1277 1940
1278 1910
1279 1705
1280 1962
1281 16
1282 864
1283 1938
1284 835
1285 935
1286 1947
1287 1250
1288 1281
1289 1953
1290 1430
1291 846
1292 1593
1293 2015
1294 807
1295 2032
1296 1175
1297 57
1298 1859
1299 1477
1300 696
1301 59
1302 819
1303 1428
1304 730
1305 1949
1306 397
1307 2009
1308 1639
1309 1640
1310 1898
1311 178
1312 818
1313 480
1314 1294
1315 1889
1316 1634
1317 5
1318 2004
1319 1632
1320 595
1321 948
1322 924
1323 424
1324 1701
1325 1793
1326 257
1327 797
1328 1333
1329 1725
1330 891
1331 1525
1332 145
1333 1643
1334 1784
1335 1435
1336 3
1337 1027
1338 1247
1339 1663
1340 393
1341 64
1342 1582
1343 171
1344 528
1345 1661
1346 1672
1347 667
1348 323
1349 1371
1350 896
1351 905
1352 446
1353 577
1354 297
1355 454
1356 1481
1357 89
1358 1832
1359 1474
1360 460
1361 1568
1362 1386
1363 1937
1364 69
1365 383
1366 1651
1367 1284
1368 1104
1369 1332
1370 648
1371 1750
1372 258
1373 1551
1374 947
1375 1762
1376 1883
1377 1158
1378 1513
1379 196
1380 4
1381 738
1382 870
1383 524
1384 1502
1385 1369
1386 142
1387 1467
1388 206
1389 2019
1390 1252
1391 737
1392 2002
1393 1379
1394 181
1395 1642
1396 304
1397 273
1398 123
1399 1876
1400 765
1401 826
1402 1292
1403 1943
1404 220
1405 1282
1406 1503
1407 1580
1408 1059
1409 321
1410 315
1411 655
1412 721
1413 1363
1414 103
1415 1649
1416 1053
1417 1349
1418 702
1419 1368
1420 448
1421 663
1422 1205
1423 1521
1424 1985
1425 1083
1426 1740
1427 109
1428 165
1429 766
1430 1270
1431 602
1432 1917
1433 622
1434 838
1435 1254
1436 886
1437 887
1438 770
1439 248
1440 1599
1441 486
1442 614
1443 914
1444 1305
1445 706
1446 422
1447 1919
1448 144
1449 904
1450 1801
1451 17
1452 923
1453 789
1454 1085
1455 25
1456 1426
1457 1407
1458 1785
1459 309
1460 1418
1461 134
1462 1093
1463 989
1464 1921
1465 306
1466 164
1467 742
1468 236
1469 1923
1470 418
1471 1074
1472 1045
1473 2031
1474 1620
1475 1047
1476 166
1477 1448
1478 1715
1479 1944
1480 546
1481 48
1482 1232
1483 1194
1484 962
1485 1124
1486 1577
1487 1812
1488 851
1489 1442
1490 1413
1491 2042
1492 1128
1493 1365
1494 1135
1495 946
1496 100
1497 1436
1498 1680
1499 147
1500 1207
1501 66
1502 627
1503 1408
1504 141
1505 1813
1506 1959
1507 1170
1508 139
1509 452
1510 1589
1511 876
1512 216
1513 712
1514 567
1515 1896
1516 404
1517 1652
1518 1489
1519 320
1520 155
1521 1613
1522 252
1523 1291
1524 1584
1525 1260
1526 774
1527 1317
1528 88
1529 150
1530 1658
1531 376
1532 327
1533 1539
1534 509
1535 136
1536 1178
1537 365
1538 439
1539 1743
1540 406
1541 1591
1542 1096
1543 300
1544 1556
1545 209
1546 540
1547 116
1548 943
1549 1670
1550 1143
1551 1795
1552 305
1553 1470
1554 1098
1555 1469
1556 1067
1557 378
1558 149
1559 674
1560 1691
1561 868
1562 130
1563 1777
1564 52
1565 1354
1566 752
1567 338
1568 888
1569 1165
1570 1055
1571 249
1572 465
1573 467
1574 1646
1575 1471
1576 678
1577 1766
1578 832
1579 1950
1580 720
1581 1209
1582 154
1583 1845
1584 1815
1585 176
1586 805
1587 290
1588 1109
1589 1320
1590 1964
1591 1065
1592 705
1593 1576
1594 242
1595 1570
1596 1423
1597 1452
1598 1987
1599 307
1600 656
1601 647
1602 1699
1603 1048
1604 1223
1605 1648
1606 1136
1607 920
1608 473
1609 699
1610 1106
1611 857
1612 1195
1613 1075
1614 399
1615 1185
1616 146
1617 391
1618 1930
1619 1836
1620 1038
1621 329
1622 358
1623 481
1624 1683
1625 1120
1626 1567
1627 994
1628 226
1629 1951
1630 1156
1631 1039
1632 875
1633 776
1634 1167
1635 1504
1636 1537
1637 582
1638 1511
1639 784
1640 104
1641 668
1642 895
1643 1746
1644 1212
1645 631
1646 1010
1647 82
1648 2021
1649 390
1650 2044
1651 1022
1652 1151
1653 1199
1654 387
1655 1532
1656 1903
1657 1094
1658 1488
1659 688
1660 1017
1661 219
1662 1342
1663 1443
1664 1101
1665 1928
1666 555
1667 293
1668 1126
1669 1446
1670 413
1671 1458
1672 1775
1673 2000
1674 36
1675 604
1676 1647
1677 1767
1678 929
1679 684
1680 527
1681 151
1682 860
1683 68
1684 1242
1685 569
1686 169
1687 2029
1688 890
1689 900
1690 239
1691 1230
1692 1779
1693 1350
1694 1914
1695 710
1696 1770
1697 168
1698 449
1699 185
1700 1595
1701 1274
1702 259
1703 1449
1704 1287
1705 1590
1706 795
1707 1095
1708 1610
1709 1113
1710 624
1711 1818
1712 289
1713 484
1714 28
1715 238
1716 441
1717 1468
1718 284
1719 837
1720 844
1721 380
1722 1534
1723 208
1724 1218
1725 862
1726 1571
1727 1527
1728 1181
1729 1581
1730 1565
1731 833
1732 1993
1733 386
1734 675
1735 1280
1736 374
1737 865
1738 827
1739 1621
1740 1823
1741 995
1742 1115
1743 1340
1744 2045
1745 1088
1746 172
1747 1387
1748 1933
1749 314
1750 77
1751 1543
1752 1086
1753 1394
1754 1345
1755 985
1756 1491
1757 761
1758 83
1759 211
1760 1840
1761 955
1762 1791
1763 571
1764 1517
1765 839
1766 125
1767 354
1768 80
1769 781
1770 1313
1771 277
1772 520
1773 92
1774 243
1775 938
1776 1732
1777 2035
1778 105
1779 2007
1780 755
1781 889
1782 1450
1783 1729
1784 210
1785 1688
1786 204
1787 138
1788 1678
1789 906
1790 364
1791 1041
1792 1656
1793 1835
1794 800
1795 299
1796 1422
1797 398
1798 512
1799 302
1800 433
1801 580
1802 968
1803 1198
1804 113
1805 793
1806 1657
1807 828
1808 1441
1809 251
1810 335
1811 1860
1812 359
1813 132
1814 1159
1815 1758
1816 275
1817 1604
1818 813
1819 202
1820 1464
1821 751
1822 1492
1823 222
1824 1278
1825 1555
1826 447
1827 559
1828 1925
1829 408
1830 1612
1831 227
1832 1585
1833 1955
1834 1440
1835 1061
1836 400
1837 1618
1838 741
1839 911
1840 1644
1841 928
1842 1173
1843 73
1844 372
1845 866
1846 969
1847 1960
1848 1258
1849 35
1850 2038
1851 1851
1852 1405
1853 747
1854 1227
1855 333
1856 1753
1857 1139
1858 1087
1859 55
1860 1909
1861 2003
1862 608
1863 1191
1864 1378
1865 1757
1866 174
1867 1703
1868 27
1869 768
1870 1707
1871 1790
1872 1601
1873 1229
1874 276
1875 159
1876 2010
1877 1965
1878 677
1879 551
1880 426
1881 1214
1882 777
1883 1005
1884 1529
1885 1704
1886 163
1887 1797
1888 987
1889 671
1890 263
1891 634
1892 638
1893 1842
1894 1900
1895 1697
1896 1228
1897 773
1898 24
1899 1991
1900 173
1901 1941
1902 1070
1903 1787
1904 1623
1905 1583
1906 190
1907 1904
1908 1768
1909 1978
1910 186
1911 1996
1912 463
1913 1211
1914 1084
1915 842
1916 1867
1917 458
1918 563
1919 1828
1920 1895
1921 274
1922 619
1923 950
1924 356
1925 804
1926 1188
1927 999
1928 225
1929 988
1930 351
1931 1301
1932 1992
1933 1355
1934 189
1935 616
1936 1500
1937 1183
1938 548
1939 863
1940 1592
1941 1507
1942 1519
1943 1454
1944 1496
1945 764
1946 1384
1947 349
1948 676
1949 1266
1950 1839
1951 360
1952 991
1953 1939
1954 1622
1955 2036
1956 1025
1957 118
1958 346
1959 1881
1960 294
1961 281
1962 31
1963 1892
1964 494
1965 496
1966 271
1967 1495
1968 1049
1969 1731
1970 1272
1971 67
1972 971
1973 50
1974 1990
1975 250
1976 313
1977 1560
1978 1533
1979 442
1980 916
1981 62
1982 375
1983 1817
1984 1056
1985 1976
1986 1540
1987 654
1988 503
1989 110
1990 1105
1991 1427
1992 410
1993 536
1994 30
1995 606
1996 610
1997 1026
1998 1457
1999 1979
2000 1983
2001 1975
2002 1112
2003 1719
2004 362
2005 127
2006 618
2007 325
2008 579
2009 1675
2010 812
2011 369
2012 740
2013 74
2014 42
2015 1149
2016 1671
2017 1552
2018 1625
2019 514
2020 201
2021 1708
2022 368
2023 500
2024 1321
2025 1141
2026 1171
2027 392
2028 1224
2029 1653
2030 867
2031 51
2032 783
2033 993
2034 1739
2035 483
2036 1575
2037 1830
2038 1681
2039 1616
2040 1411
2041 908
2042 915
2043 60
2044 122
2045 1437
2046 1557
2047 485
2048 1051