1 177
2 137
3 192
4 17
5 109
6 58
7 164
8 86
9 13
10 248
11 106
12 168
13 38
14 98
15 113
16 135
17 229
18 61
19 36
20 186
21 250
22 215
23 101
24 35
25 244
26 158
27 88
28 205
29 125
30 253
31 10
32 57
33 252
34 67
35 207
36 163
37 149
38 44
39 167
40 169
41 20
42 49
43 241
44 157
45 24
46 51
47 214
48 150
49 41
50 156
51 97
52 16
53 160
54 221
55 53
56 155
57 188
58 183
59 161
60 92
61 8
62 103
63 81
64 201
65 193
66 12
67 211
68 34
69 80
70 162
71 171
72 174
73 145
74 140
75 153
76 43
77 151
78 120
79 132
80 245
81 65
82 208
83 246
84 89
85 105
86 233
87 79
88 93
89 100
90 37
91 133
92 73
93 249
94 47
95 139
96 194
97 212
98 223
99 142
100 189
101 256
102 206
103 218
104 126
105 195
106 19
107 136
108 220
109 116
110 119
111 56
112 63
113 15
114 78
115 123
116 172
117 114
118 148
119 138
120 247
121 213
122 107
123 27
124 127
125 85
126 239
127 170
128 59
129 118
130 191
131 181
132 77
133 232
134 82
135 141
136 187
137 30
138 144
139 196
140 84
141 3
142 166
143 236
144 7
145 224
146 90
147 2
148 184
149 14
150 74
151 202
152 251
153 226
154 143
155 69
156 175
157 4
158 11
159 147
160 228
161 46
162 146
163 111
164 165
165 234
166 240
167 95
168 28
169 190
170 225
171 238
172 110
173 18
174 91
175 204
176 131
177 115
178 23
179 33
180 152
181 173
182 129
183 243
184 235
185 237
186 62
187 242
188 99
189 209
190 231
191 50
192 87
193 134
194 255
195 66
196 64
197 54
198 75
199 178
200 227
201 108
202 72
203 22
204 29
205 32
206 68
207 217
208 25
209 48
210 203
211 219
212 55
213 60
214 128
215 96
216 122
217 26
218 117
219 40
220 130
221 254
222 180
223 39
224 200
225 182
226 198
227 6
228 176
229 5
230 1
231 185
232 9
233 42
234 76
235 112
236 199
237 52
238 70
239 222
240 21
241 154
242 124
243 31
244 71
245 197
246 94
247 210
248 104
249 83
250 179
251 216
252 102
253 159
254 121
255 230
256 45