1 110
2 253
3 192
4 332
5 423
6 119
7 149
8 483
9 509
10 410
11 214
12 185
13 315
14 287
15 195
16 349
17 249
18 381
19 361
20 163
21 159
22 153
23 478
24 29
25 292
26 466
27 127
28 280
29 350
30 83
31 275
32 427
33 205
34 7
35 215
36 368
37 500
38 276
39 250
40 372
41 442
42 320
43 406
44 71
45 23
46 389
47 216
48 6
49 157
50 367
51 486
52 16
53 476
54 245
55 131
56 93
57 456
58 262
59 1
60 445
61 329
62 296
63 212
64 256
65 114
66 45
67 458
68 156
69 334
70 286
71 32
72 107
73 231
74 430
75 422
76 105
77 10
78 74
79 57
80 475
81 99
82 232
83 167
84 26
85 76
86 439
87 198
88 154
89 399
90 92
91 326
92 469
93 370
94 64
95 267
96 254
97 235
98 508
99 67
100 462
101 257
102 13
103 441
104 395
105 317
106 377
107 415
108 173
109 247
110 481
111 164
112 302
113 433
114 453
115 273
116 493
117 179
118 331
119 24
120 424
121 38
122 392
123 121
124 129
125 465
126 144
127 63
128 25
129 97
130 172
131 343
132 310
133 461
134 20
135 230
136 84
137 201
138 297
139 227
140 419
141 36
142 66
143 444
144 268
145 165
146 488
147 141
148 46
149 485
150 357
151 402
152 316
153 42
154 398
155 425
156 194
157 438
158 342
159 346
160 284
161 473
162 294
163 404
164 47
165 58
166 166
167 314
168 366
169 242
170 19
171 435
172 468
173 436
174 151
175 386
176 328
177 312
178 73
179 260
180 78
181 431
182 341
183 14
184 384
185 496
186 239
187 277
188 464
189 137
190 190
191 304
192 255
193 457
194 352
195 186
196 175
197 347
198 134
199 244
200 206
201 495
202 224
203 421
204 489
205 259
206 378
207 147
208 184
209 397
210 363
211 258
212 327
213 80
214 169
215 229
216 330
217 150
218 385
219 27
220 8
221 59
222 338
223 100
224 136
225 501
226 281
227 450
228 101
229 505
230 104
231 459
232 15
233 62
234 300
235 333
236 181
237 434
238 11
239 251
240 270
241 52
242 35
243 240
244 490
245 409
246 325
247 448
248 420
249 373
250 447
251 39
252 484
253 68
254 429
255 94
256 218
257 161
258 323
259 237
260 183
261 289
262 288
263 418
264 155
265 285
266 22
267 34
268 49
269 358
270 53
271 291
272 371
273 222
274 477
275 307
276 189
277 158
278 65
279 17
280 246
281 75
282 494
283 234
284 178
285 299
286 408
287 449
288 405
289 115
290 306
291 446
292 177
293 139
294 390
295 440
296 360
297 204
298 203
299 211
300 502
301 335
302 369
303 113
304 412
305 44
306 4
307 30
308 142
309 313
310 118
311 69
312 81
313 391
314 417
315 403
316 337
317 298
318 497
319 512
320 491
321 170
322 414
323 279
324 60
325 492
326 374
327 12
328 125
329 140
330 48
331 301
332 128
333 396
334 21
335 77
336 400
337 89
338 353
339 264
340 376
341 120
342 241
343 41
344 321
345 103
346 168
347 188
348 208
349 9
350 180
351 122
352 295
353 248
354 354
355 50
356 191
357 336
358 479
359 133
360 56
361 160
362 413
363 18
364 238
365 411
366 96
367 379
368 116
369 511
370 132
371 223
372 252
373 455
374 322
375 135
376 87
377 209
378 348
379 200
380 226
381 196
382 467
383 345
384 428
385 102
386 233
387 318
388 123
389 375
390 145
391 90
392 220
393 54
394 112
395 498
396 507
397 388
398 460
399 124
400 387
401 272
402 217
403 324
404 407
405 426
406 207
407 454
408 28
409 451
410 219
411 510
412 213
413 271
414 86
415 61
416 162
417 5
418 443
419 146
420 37
421 225
422 130
423 351
424 309
425 356
426 143
427 282
428 362
429 243
430 394
431 274
432 176
433 265
434 174
435 55
436 199
437 382
438 193
439 401
440 432
441 236
442 290
443 202
444 359
445 269
446 187
447 416
448 221
449 138
450 472
451 344
452 98
453 266
454 463
455 471
456 197
457 480
458 109
459 503
460 278
461 470
462 2
463 33
464 355
465 393
466 283
467 108
468 152
469 305
470 364
471 303
472 88
473 340
474 91
475 308
476 311
477 482
478 95
479 85
480 148
481 3
482 474
483 117
484 437
485 293
486 40
487 171
488 383
489 72
490 82
491 365
492 210
493 228
494 31
495 319
496 263
497 106
498 339
499 111
500 182
501 70
502 504
503 506
504 499
505 261
506 452
507 126
508 380
509 487
510 51
511 79
512 43