1 125
2 637
3 97
4 355
5 145
6 161
7 128
8 400
9 148
10 135
11 561
12 4
13 276
14 489
15 132
16 131
17 112
18 172
19 433
20 185
21 287
22 411
23 559
24 26
25 254
26 422
27 122
28 63
29 619
30 371
31 503
32 295
33 473
34 598
35 167
36 196
37 2
38 440
39 630
40 484
41 356
42 257
43 500
44 342
45 523
46 133
47 391
48 235
49 499
50 327
51 260
52 567
53 639
54 374
55 102
56 217
57 446
58 527
59 310
60 543
61 47
62 159
63 431
64 212
65 51
66 450
67 95
68 25
69 352
70 443
71 496
72 354
73 81
74 273
75 531
76 286
77 414
78 441
79 613
80 599
81 323
82 455
83 90
84 617
85 20
86 146
87 492
88 192
89 483
90 44
91 504
92 580
93 616
94 215
95 43
96 382
97 111
98 207
99 338
100 594
101 348
102 66
103 547
104 332
105 576
106 522
107 272
108 241
109 201
110 255
111 117
112 424
113 73
114 183
115 240
116 197
117 470
118 57
119 110
120 136
121 502
122 232
123 533
124 629
125 322
126 331
127 366
128 380
129 539
130 236
131 37
132 129
133 116
134 165
135 124
136 256
137 12
138 568
139 250
140 515
141 358
142 546
143 219
144 477
145 491
146 403
147 268
148 18
149 289
150 154
151 284
152 92
153 402
154 623
155 589
156 610
157 506
158 573
159 253
160 200
161 163
162 126
163 581
164 249
165 243
166 138
167 445
168 566
169 346
170 481
171 398
172 361
173 31
174 578
175 593
176 28
177 551
178 397
179 429
180 442
181 80
182 538
183 534
184 633
185 98
186 211
187 350
188 520
189 221
190 176
191 415
192 170
193 378
194 579
195 454
196 550
197 290
198 299
199 303
200 634
201 396
202 259
203 521
204 405
205 141
206 278
207 359
208 525
209 238
210 611
211 306
212 413
213 311
214 261
215 315
216 320
217 40
218 106
219 351
220 307
221 485
222 194
223 426
224 530
225 586
226 407
227 604
228 301
229 179
230 372
231 279
232 479
233 497
234 487
235 626
236 96
237 70
238 465
239 291
240 169
241 139
242 195
243 585
244 333
245 14
246 386
247 389
248 509
249 419
250 174
251 263
252 32
253 143
254 93
255 385
256 134
257 308
258 435
259 234
260 565
261 21
262 537
263 507
264 390
265 184
266 187
267 205
268 180
269 319
270 557
271 417
272 64
273 345
274 399
275 595
276 277
277 602
278 571
279 99
280 68
281 50
282 548
283 38
284 48
285 113
286 36
287 456
288 577
289 52
290 404
291 468
292 181
293 267
294 162
295 285
296 142
297 467
298 420
299 582
300 364
301 35
302 265
303 82
304 55
305 294
306 362
307 109
308 69
309 89
310 271
311 78
312 501
313 228
314 121
315 226
316 13
317 432
318 392
319 22
320 574
321 225
322 460
323 618
324 495
325 178
326 562
327 552
328 427
329 166
330 640
331 541
332 569
333 189
334 603
335 393
336 230
337 137
338 274
339 627
340 177
341 65
342 59
343 6
344 156
345 269
346 490
347 335
348 9
349 203
350 620
351 363
352 300
353 77
354 575
355 554
356 258
357 115
358 337
359 447
360 216
361 588
362 388
363 365
364 314
365 369
366 91
367 266
368 605
369 596
370 24
371 570
372 227
373 171
374 16
375 494
376 74
377 11
378 406
379 229
380 10
381 517
382 516
383 437
384 304
385 302
386 153
387 157
388 149
389 353
390 140
391 130
392 19
393 564
394 513
395 248
396 247
397 469
398 384
399 45
400 535
401 42
402 511
403 107
404 193
405 182
406 100
407 214
408 587
409 625
410 206
411 158
412 340
413 87
414 493
415 449
416 318
417 368
418 191
419 60
420 88
421 478
422 242
423 453
424 325
425 545
426 381
427 471
428 198
429 309
430 329
431 423
432 313
433 3
434 510
435 17
436 155
437 379
438 223
439 612
440 233
441 84
442 628
443 237
444 305
445 556
446 360
447 563
448 451
449 231
450 204
451 160
452 298
453 275
454 34
455 222
456 127
457 600
458 387
459 104
460 292
461 103
462 173
463 418
464 147
465 466
466 472
467 463
468 152
469 220
470 199
471 328
472 558
473 344
474 262
475 457
476 526
477 144
478 373
479 458
480 108
481 27
482 85
483 572
484 591
485 293
486 282
487 621
488 5
489 480
490 186
491 376
492 8
493 476
494 321
495 251
496 105
497 464
498 482
499 208
500 529
501 614
502 58
503 341
504 164
505 540
506 622
507 33
508 590
509 583
510 41
511 474
512 536
513 349
514 638
515 79
516 101
517 75
518 210
519 61
520 608
521 281
522 209
523 528
524 150
525 601
526 409
527 636
528 624
529 114
530 395
531 508
532 218
533 615
534 343
535 324
536 606
537 175
538 316
539 439
540 30
541 635
542 412
543 367
544 53
545 462
546 76
547 532
548 54
549 190
550 71
551 584
552 270
553 514
554 438
555 434
556 29
557 280
558 448
559 486
560 518
561 339
562 370
563 498
564 592
565 56
566 23
567 488
568 416
569 524
570 1
571 549
572 62
573 188
574 357
575 475
576 312
577 430
578 428
579 505
580 244
581 213
582 383
583 15
584 317
585 118
586 120
587 151
588 246
589 553
590 7
591 86
592 377
593 83
594 336
595 452
596 39
597 72
598 444
599 631
600 542
601 436
602 560
603 224
604 119
605 326
606 239
607 330
608 408
609 461
610 296
611 512
612 94
613 425
614 334
615 347
616 202
617 607
618 375
619 410
620 123
621 519
622 632
623 555
624 459
625 609
626 394
627 544
628 597
629 49
630 421
631 67
632 252
633 46
634 401
635 297
636 283
637 168
638 264
639 245
640 288