1 753
2 182
3 271
4 62
5 313
6 491
7 227
8 216
9 317
10 43
11 320
12 606
13 308
14 413
15 478
16 349
17 109
18 256
19 435
20 399
21 593
22 298
23 636
24 22
25 571
26 627
27 504
28 20
29 615
30 683
31 717
32 422
33 692
34 429
35 454
36 324
37 187
38 625
39 331
40 238
41 430
42 749
43 526
44 307
45 654
46 215
47 511
48 546
49 232
50 544
51 432
52 193
53 115
54 210
55 208
56 509
57 425
58 191
59 343
60 213
61 642
62 764
63 248
64 217
65 436
66 604
67 365
68 205
69 332
70 68
71 757
72 392
73 488
74 5
75 90
76 34
77 338
78 512
79 470
80 350
81 600
82 705
83 75
84 138
85 657
86 391
87 128
88 623
89 231
90 699
91 335
92 358
93 704
94 319
95 384
96 463
97 721
98 223
99 545
100 471
101 281
102 442
103 739
104 635
105 628
106 434
107 137
108 728
109 499
110 756
111 560
112 130
113 469
114 337
115 498
116 634
117 364
118 514
119 451
120 528
121 153
122 368
123 670
124 376
125 224
126 411
127 547
128 305
129 420
130 379
131 53
132 479
133 729
134 531
135 190
136 101
137 585
138 159
139 621
140 11
141 398
142 309
143 129
144 95
145 433
146 389
147 750
148 345
149 78
150 580
151 229
152 155
153 202
154 41
155 539
156 329
157 691
158 42
159 643
160 647
161 9
162 369
163 371
164 363
165 737
166 39
167 687
168 611
169 576
170 67
171 330
172 759
173 754
174 10
175 455
176 525
177 394
178 340
179 497
180 386
181 133
182 565
183 326
184 375
185 351
186 388
187 462
188 614
189 362
190 644
191 684
192 135
193 712
194 116
195 765
196 236
197 480
198 291
199 25
200 624
201 383
202 240
203 618
204 183
205 249
206 652
207 266
208 301
209 59
210 632
211 677
212 506
213 589
214 260
215 533
216 481
217 164
218 261
219 310
220 147
221 370
222 176
223 285
224 282
225 549
226 619
227 30
228 315
229 555
230 288
231 579
232 475
233 602
234 312
235 287
236 24
237 241
238 296
239 377
240 542
241 81
242 678
243 348
244 524
245 86
246 139
247 154
248 58
249 69
250 274
251 73
252 295
253 196
254 211
255 415
256 234
257 421
258 537
259 146
260 558
261 387
262 714
263 447
264 56
265 122
266 102
267 673
268 590
269 518
270 671
271 27
272 446
273 438
274 637
275 675
276 142
277 1
278 768
279 47
280 713
281 23
282 746
283 374
284 96
285 656
286 304
287 666
288 459
289 65
290 595
291 464
292 64
293 437
294 203
295 145
296 89
297 247
298 360
299 458
300 199
301 63
302 650
303 419
304 26
305 237
306 572
307 121
308 198
309 439
310 706
311 186
312 37
313 573
314 97
315 264
316 84
317 456
318 76
319 14
320 559
321 416
322 616
323 333
324 134
325 730
326 82
327 18
328 107
329 100
330 707
331 401
332 426
333 251
334 244
335 515
336 508
337 195
338 353
339 99
340 631
341 743
342 536
343 744
344 85
345 487
346 33
347 492
348 352
349 36
350 257
351 230
352 574
353 270
354 551
355 272
356 278
357 496
358 390
359 356
360 233
361 578
362 318
363 273
364 562
365 460
366 674
367 359
368 380
369 502
370 226
371 302
372 763
373 613
374 534
375 49
376 400
377 703
378 557
379 427
380 148
381 405
382 184
383 467
384 655
385 61
386 409
387 513
388 603
389 740
390 8
391 693
392 646
393 680
394 180
395 681
396 752
397 252
398 722
399 283
400 696
401 207
402 336
403 158
404 529
405 170
406 71
407 322
408 698
409 396
410 640
411 601
412 472
413 28
414 597
415 428
416 695
417 290
418 569
419 500
420 745
421 357
422 490
423 418
424 440
425 584
426 457
427 548
428 449
429 117
430 535
431 328
432 209
433 517
434 175
435 404
436 694
437 556
438 201
439 453
440 300
441 172
442 648
443 663
444 294
445 150
446 98
447 118
448 710
449 520
450 265
451 132
452 689
453 366
454 54
455 690
456 110
457 505
458 668
459 263
460 189
461 493
462 727
463 450
464 38
465 503
466 607
467 566
468 381
469 156
470 88
471 486
472 708
473 161
474 639
475 385
476 484
477 507
478 173
479 761
480 567
481 620
482 742
483 160
484 760
485 735
486 279
487 235
488 609
489 131
490 125
491 93
492 127
493 347
494 346
495 679
496 162
497 378
498 179
499 610
500 581
501 126
502 292
503 141
504 725
505 568
506 617
507 669
508 444
509 586
510 445
511 501
512 716
513 6
514 738
515 311
516 412
517 751
518 466
519 719
520 612
521 540
522 686
523 748
524 522
525 181
526 762
527 372
528 108
529 629
530 119
531 641
532 485
533 561
534 367
535 702
536 341
537 13
538 242
539 277
540 124
541 527
542 588
543 4
544 197
545 758
546 106
547 468
548 665
549 410
550 200
551 521
552 29
553 323
554 297
555 414
556 658
557 306
558 530
559 406
560 72
561 12
562 289
563 402
564 563
565 516
566 582
567 194
568 114
569 766
570 596
571 354
572 598
573 206
574 104
575 167
576 587
577 219
578 733
579 77
580 741
581 483
582 267
583 361
584 275
585 461
586 35
587 342
588 473
589 165
590 676
591 31
592 113
593 382
594 7
595 259
596 465
597 239
598 701
599 40
600 48
601 52
602 168
603 664
604 143
605 688
606 495
607 633
608 246
609 417
610 120
611 659
612 221
613 736
614 638
615 532
616 541
617 258
618 79
619 339
620 408
621 284
622 608
623 212
624 723
625 171
626 169
627 423
628 767
629 228
630 151
631 293
632 163
633 149
634 188
635 489
636 166
637 553
638 55
639 269
640 192
641 327
642 474
643 554
644 452
645 441
646 91
647 718
648 630
649 594
650 592
651 303
652 697
653 286
654 262
655 245
656 661
657 700
658 543
659 220
660 243
661 395
662 523
663 403
664 645
665 424
666 112
667 280
668 715
669 477
670 552
671 92
672 218
673 622
674 431
675 660
676 599
677 214
678 605
679 570
680 564
681 649
682 174
683 250
684 60
685 538
686 653
687 397
688 17
689 734
690 685
691 21
692 325
693 46
694 255
695 583
696 577
697 510
698 16
699 50
700 393
701 321
702 344
703 254
704 32
705 225
706 74
707 316
708 550
709 494
710 268
711 334
712 519
713 626
714 373
715 94
716 45
717 726
718 476
719 755
720 724
721 314
722 253
723 407
724 178
725 66
726 144
727 720
728 44
729 70
730 185
731 682
732 2
733 651
734 57
735 667
736 136
737 51
738 80
739 103
740 709
741 591
742 747
743 299
744 732
745 83
746 482
747 177
748 711
749 276
750 443
751 575
752 731
753 222
754 15
755 111
756 3
757 105
758 19
759 123
760 355
761 152
762 157
763 672
764 87
765 448
766 204
767 662
768 140