1 816
2 89
3 10
4 555
5 302
6 117
7 329
8 389
9 818
10 310
11 574
12 80
13 879
14 67
15 717
16 402
17 505
18 90
19 182
20 531
21 276
22 173
23 637
24 405
25 826
26 136
27 199
28 735
29 290
30 539
31 350
32 227
33 77
34 512
35 624
36 648
37 580
38 622
39 743
40 600
41 823
42 282
43 506
44 556
45 223
46 92
47 509
48 16
49 562
50 204
51 107
52 162
53 106
54 699
55 488
56 887
57 482
58 474
59 347
60 50
61 612
62 861
63 473
64 386
65 510
66 267
67 599
68 447
69 287
70 354
71 399
72 466
73 351
74 773
75 11
76 519
77 720
78 169
79 8
80 582
81 38
82 671
83 393
84 740
85 428
86 297
87 298
88 233
89 741
90 160
91 723
92 79
93 866
94 420
95 1
96 95
97 664
98 639
99 378
100 711
101 745
102 833
103 719
104 694
105 857
106 217
107 490
108 883
109 456
110 724
111 346
112 579
113 20
114 342
115 787
116 860
117 559
118 849
119 375
120 523
121 186
122 270
123 94
124 606
125 172
126 496
127 121
128 37
129 686
130 769
131 338
132 732
133 6
134 877
135 15
136 315
137 301
138 146
139 802
140 597
141 165
142 572
143 524
144 235
145 549
146 830
147 680
148 194
149 362
150 268
151 84
152 610
153 487
154 293
155 746
156 325
157 894
158 207
159 475
160 681
161 23
162 322
163 209
164 181
165 75
166 520
167 411
168 788
169 481
170 829
171 356
172 841
173 337
174 753
175 700
176 183
177 133
178 800
179 468
180 651
181 869
182 476
183 63
184 660
185 714
186 497
187 115
188 632
189 195
190 635
191 776
192 670
193 878
194 677
195 279
196 561
197 721
198 434
199 263
200 214
201 537
202 213
203 151
204 768
205 176
206 409
207 93
208 122
209 564
210 101
211 380
212 703
213 32
214 344
215 568
216 12
217 412
218 78
219 339
220 260
221 404
222 278
223 391
224 853
225 628
226 772
227 790
228 439
229 584
230 550
231 311
232 134
233 605
234 627
235 111
236 504
237 867
238 187
239 62
240 205
241 736
242 571
243 280
244 528
245 86
246 99
247 896
248 850
249 813
250 349
251 251
252 515
253 855
254 499
255 511
256 730
257 588
258 33
259 314
260 88
261 353
262 530
263 332
264 733
265 112
266 546
267 396
268 845
269 190
270 360
271 254
272 9
273 249
274 480
275 814
276 211
277 696
278 387
279 704
280 265
281 429
282 763
283 626
284 507
285 345
286 737
287 316
288 421
289 882
290 230
291 71
292 56
293 871
294 764
295 695
296 34
297 498
298 543
299 85
300 864
301 25
302 791
303 701
304 286
305 538
306 762
307 500
308 365
309 237
310 602
311 53
312 357
313 668
314 821
315 128
316 576
317 225
318 514
319 295
320 527
321 191
322 130
323 781
324 335
325 398
326 544
327 834
328 129
329 489
330 401
331 513
332 252
333 766
334 414
335 503
336 526
337 625
338 623
339 42
340 521
341 865
342 70
343 893
344 729
345 307
346 185
347 796
348 832
349 734
350 529
351 472
352 285
353 629
354 767
355 39
356 149
357 739
358 722
359 525
360 516
361 650
362 303
363 653
364 634
365 363
366 840
367 126
368 103
369 455
370 742
371 242
372 448
373 408
374 221
375 553
376 236
377 241
378 661
379 299
380 40
381 19
382 36
383 437
384 754
385 679
386 73
387 105
388 640
389 29
390 443
391 368
392 492
393 817
394 226
395 846
396 198
397 142
398 771
399 815
400 358
401 31
402 712
403 675
404 615
405 17
406 547
407 306
408 795
409 364
410 415
411 655
412 591
413 662
414 608
415 159
416 453
417 725
418 224
419 458
420 541
421 22
422 3
423 355
424 366
425 548
426 583
427 137
428 891
429 43
430 7
431 619
432 557
433 341
434 532
435 810
436 239
437 585
438 471
439 150
440 4
441 457
442 868
443 783
444 774
445 631
446 726
447 570
448 876
449 835
450 778
451 533
452 596
453 691
454 839
455 485
456 844
457 423
458 479
459 247
460 491
461 333
462 807
463 102
464 385
465 52
466 218
467 425
468 693
469 806
470 381
471 138
472 125
473 854
474 51
475 895
476 604
477 649
478 234
479 413
480 145
481 613
482 646
483 594
484 220
485 201
486 274
487 760
488 243
489 47
490 5
491 657
492 465
493 747
494 890
495 72
496 132
497 451
498 304
499 57
500 483
501 397
502 193
503 87
504 427
505 551
506 663
507 688
508 738
509 27
510 852
511 216
512 253
513 478
514 607
515 359
516 168
517 328
518 334
519 756
520 873
521 666
522 184
523 55
524 755
525 317
526 323
527 707
528 426
529 188
530 244
531 379
532 467
533 340
534 682
535 14
536 246
537 255
538 460
539 540
540 792
541 174
542 569
543 558
544 123
545 545
546 18
547 436
548 119
549 645
550 58
551 449
552 422
553 603
554 367
555 318
556 372
557 292
558 801
559 289
560 820
561 621
562 709
563 484
564 60
565 371
566 715
567 636
568 21
569 419
570 752
571 441
572 690
573 589
574 296
575 196
576 321
577 812
578 283
579 273
580 269
581 261
582 120
583 685
584 202
585 66
586 643
587 656
588 288
589 672
590 189
591 272
592 880
593 219
594 889
595 59
596 702
597 377
598 777
599 410
600 804
601 616
602 620
603 870
604 69
605 565
606 831
607 477
608 275
609 856
610 842
611 300
612 76
613 171
614 578
615 124
616 384
617 281
618 462
619 706
620 197
621 567
622 140
623 164
624 858
625 74
626 450
627 294
628 618
629 586
630 148
631 633
632 284
633 245
634 64
635 157
636 158
637 667
638 590
639 652
640 713
641 327
642 708
643 848
644 100
645 669
646 601
647 761
648 348
649 641
650 406
651 143
652 81
653 445
654 827
655 793
656 388
657 847
658 581
659 175
660 863
661 828
662 352
663 875
664 326
665 614
666 535
667 638
668 258
669 851
670 886
671 161
672 542
673 501
674 127
675 390
676 147
677 324
678 382
679 758
680 416
681 838
682 885
683 459
684 163
685 46
686 789
687 469
688 710
689 238
690 206
691 61
692 330
693 560
694 508
695 376
696 135
697 859
698 587
699 256
700 131
701 692
702 374
703 407
704 44
705 770
706 192
707 395
708 822
709 874
710 373
711 464
712 370
713 630
714 577
715 598
716 24
717 2
718 611
719 716
720 444
721 433
722 98
723 166
724 595
725 203
726 775
727 805
728 312
729 152
730 248
731 114
732 779
733 308
734 82
735 495
736 109
737 617
738 394
739 697
740 262
741 518
742 642
743 575
744 674
745 786
746 418
747 819
748 705
749 228
750 749
751 808
752 785
753 170
754 65
755 257
756 210
757 91
758 369
759 892
760 684
761 383
762 563
763 765
764 266
765 430
766 862
767 784
768 683
769 718
770 837
771 215
772 200
773 593
774 673
775 748
776 291
777 336
778 592
779 277
780 139
781 461
782 309
783 698
784 759
785 177
786 440
787 517
788 502
789 343
790 331
791 178
792 881
793 644
794 884
795 319
796 780
797 361
798 313
799 751
800 259
801 654
802 113
803 222
804 48
805 797
806 41
807 435
808 442
809 843
810 438
811 493
812 305
813 727
814 811
815 155
816 522
817 144
818 392
819 689
820 463
821 83
822 49
823 179
824 757
825 486
826 424
827 432
828 180
829 824
830 156
831 231
832 403
833 110
834 554
835 825
836 240
837 154
838 446
839 118
840 687
841 799
842 803
843 534
844 872
845 566
846 647
847 45
848 417
849 731
850 96
851 836
852 552
853 229
854 470
855 264
856 208
857 28
858 97
859 320
860 30
861 232
862 536
863 108
864 888
865 167
866 678
867 494
868 782
869 794
870 665
871 141
872 212
873 26
874 400
875 54
876 454
877 452
878 116
879 13
880 609
881 744
882 728
883 658
884 750
885 68
886 153
887 104
888 35
889 659
890 809
891 573
892 676
893 250
894 798
895 271
896 431